{"D:\\frontend\\Hiring\\Youtube\\src\\App.tsx": {"path":"D:\\frontend\\Hiring\\Youtube\\src\\App.tsx","statementMap":{"0":{"start":{"line":10,"column":22},"end":{"line":33,"column":1}},"1":{"start":{"line":11,"column":19},"end":{"line":11,"column":59}},"2":{"start":{"line":11,"column":47},"end":{"line":11,"column":58}},"3":{"start":{"line":13,"column":1},"end":{"line":32,"column":2}}},"fnMap":{"0":{"name":"(anonymous_0)","decl":{"start":{"line":10,"column":22},"end":{"line":10,"column":23}},"loc":{"start":{"line":10,"column":41},"end":{"line":33,"column":1}},"line":10},"1":{"name":"(anonymous_1)","decl":{"start":{"line":11,"column":36},"end":{"line":11,"column":37}},"loc":{"start":{"line":11,"column":47},"end":{"line":11,"column":58}},"line":11}},"branchMap":{},"s":{"0":0,"1":0,"2":0,"3":0},"f":{"0":0,"1":0},"b":{}}
,"D:\\frontend\\Hiring\\Youtube\\src\\declarations.d.ts": {"path":"D:\\frontend\\Hiring\\Youtube\\src\\declarations.d.ts","statementMap":{},"fnMap":{},"branchMap":{},"s":{},"f":{},"b":{}}
,"D:\\frontend\\Hiring\\Youtube\\src\\global.styles.ts": {"path":"D:\\frontend\\Hiring\\Youtube\\src\\global.styles.ts","statementMap":{"0":{"start":{"line":7,"column":13},"end":{"line":14,"column":1}},"1":{"start":{"line":16,"column":22},"end":{"line":23,"column":1}},"2":{"start":{"line":25,"column":28},"end":{"line":108,"column":1}},"3":{"start":{"line":75,"column":33},"end":{"line":75,"column":52}},"4":{"start":{"line":94,"column":38},"end":{"line":94,"column":61}},"5":{"start":{"line":95,"column":27},"end":{"line":95,"column":44}},"6":{"start":{"line":109,"column":29},"end":{"line":139,"column":1}},"7":{"start":{"line":127,"column":44},"end":{"line":127,"column":64}},"8":{"start":{"line":141,"column":21},"end":{"line":153,"column":1}},"9":{"start":{"line":155,"column":20},"end":{"line":166,"column":1}}},"fnMap":{"0":{"name":"(anonymous_0)","decl":{"start":{"line":75,"column":22},"end":{"line":75,"column":23}},"loc":{"start":{"line":75,"column":33},"end":{"line":75,"column":52}},"line":75},"1":{"name":"(anonymous_1)","decl":{"start":{"line":94,"column":23},"end":{"line":94,"column":24}},"loc":{"start":{"line":94,"column":38},"end":{"line":94,"column":61}},"line":94},"2":{"name":"(anonymous_2)","decl":{"start":{"line":95,"column":12},"end":{"line":95,"column":13}},"loc":{"start":{"line":95,"column":27},"end":{"line":95,"column":44}},"line":95},"3":{"name":"(anonymous_3)","decl":{"start":{"line":127,"column":29},"end":{"line":127,"column":30}},"loc":{"start":{"line":127,"column":44},"end":{"line":127,"column":64}},"line":127}},"branchMap":{},"s":{"0":12,"1":12,"2":12,"3":0,"4":0,"5":0,"6":12,"7":0,"8":12,"9":12},"f":{"0":0,"1":0,"2":0,"3":0},"b":{},"_coverageSchema":"1a1c01bbd47fc00a2c39e90264f33305004495a9","hash":"06398b14359d97dd499e9834eec7e3819afae73f"}
,"D:\\frontend\\Hiring\\Youtube\\src\\index.tsx": {"path":"D:\\frontend\\Hiring\\Youtube\\src\\index.tsx","statementMap":{"0":{"start":{"line":7,"column":0},"end":{"line":13,"column":1}}},"fnMap":{},"branchMap":{},"s":{"0":0},"f":{},"b":{}}
,"D:\\frontend\\Hiring\\Youtube\\src\\assets\\fonts\\fonts.d.ts": {"path":"D:\\frontend\\Hiring\\Youtube\\src\\assets\\fonts\\fonts.d.ts","statementMap":{},"fnMap":{},"branchMap":{},"s":{},"f":{},"b":{}}
,"D:\\frontend\\Hiring\\Youtube\\src\\components\\Buttons\\BurgerButton\\BurgerButton.styles.ts": {"path":"D:\\frontend\\Hiring\\Youtube\\src\\components\\Buttons\\BurgerButton\\BurgerButton.styles.ts","statementMap":{"0":{"start":{"line":80,"column":31},"end":{"line":89,"column":1}},"1":{"start":{"line":91,"column":33},"end":{"line":113,"column":1}},"2":{"start":{"line":115,"column":33},"end":{"line":151,"column":1}}},"fnMap":{},"branchMap":{},"s":{"0":1,"1":1,"2":1},"f":{},"b":{},"_coverageSchema":"1a1c01bbd47fc00a2c39e90264f33305004495a9","hash":"64f8c5035513d6f2f63b123279086dbf04348f5b"}
,"D:\\frontend\\Hiring\\Youtube\\src\\components\\Buttons\\BurgerButton\\BurgerButton.tsx": {"path":"D:\\frontend\\Hiring\\Youtube\\src\\components\\Buttons\\BurgerButton\\BurgerButton.tsx","statementMap":{"0":{"start":{"line":8,"column":46},"end":{"line":22,"column":1}},"1":{"start":{"line":12,"column":1},"end":{"line":21,"column":2}},"2":{"start":{"line":16,"column":20},"end":{"line":16,"column":31}}},"fnMap":{"0":{"name":"(anonymous_0)","decl":{"start":{"line":8,"column":46},"end":{"line":8,"column":47}},"loc":{"start":{"line":11,"column":34},"end":{"line":22,"column":1}},"line":11},"1":{"name":"(anonymous_1)","decl":{"start":{"line":16,"column":14},"end":{"line":16,"column":15}},"loc":{"start":{"line":16,"column":20},"end":{"line":16,"column":31}},"line":16}},"branchMap":{},"s":{"0":1,"1":1,"2":0},"f":{"0":1,"1":0},"b":{},"_coverageSchema":"1a1c01bbd47fc00a2c39e90264f33305004495a9","hash":"58f80848aba3ecb53e5b8b7bfe6197d95bcf3561"}
,"D:\\frontend\\Hiring\\Youtube\\src\\components\\Buttons\\Button\\Button.styles.ts": {"path":"D:\\frontend\\Hiring\\Youtube\\src\\components\\Buttons\\Button\\Button.styles.ts","statementMap":{"0":{"start":{"line":4,"column":25},"end":{"line":33,"column":1}}},"fnMap":{},"branchMap":{},"s":{"0":2},"f":{},"b":{},"_coverageSchema":"1a1c01bbd47fc00a2c39e90264f33305004495a9","hash":"76eef08168b02937a00f7e7dae9875cef557b571"}
,"D:\\frontend\\Hiring\\Youtube\\src\\components\\Buttons\\Button\\Button.tsx": {"path":"D:\\frontend\\Hiring\\Youtube\\src\\components\\Buttons\\Button\\Button.tsx","statementMap":{"0":{"start":{"line":8,"column":34},"end":{"line":10,"column":1}},"1":{"start":{"line":9,"column":1},"end":{"line":9,"column":63}},"2":{"start":{"line":9,"column":34},"end":{"line":9,"column":43}}},"fnMap":{"0":{"name":"(anonymous_0)","decl":{"start":{"line":8,"column":34},"end":{"line":8,"column":35}},"loc":{"start":{"line":8,"column":79},"end":{"line":10,"column":1}},"line":8},"1":{"name":"(anonymous_1)","decl":{"start":{"line":9,"column":28},"end":{"line":9,"column":29}},"loc":{"start":{"line":9,"column":34},"end":{"line":9,"column":43}},"line":9}},"branchMap":{},"s":{"0":2,"1":12,"2":2},"f":{"0":12,"1":2},"b":{},"_coverageSchema":"1a1c01bbd47fc00a2c39e90264f33305004495a9","hash":"6636c8d58fa47a4e84e1f6c12c76cdf2c3bbced0"}
,"D:\\frontend\\Hiring\\Youtube\\src\\components\\CategoryBar\\CategoryBar.styles.ts": {"path":"D:\\frontend\\Hiring\\Youtube\\src\\components\\CategoryBar\\CategoryBar.styles.ts","statementMap":{"0":{"start":{"line":4,"column":33},"end":{"line":7,"column":1}},"1":{"start":{"line":9,"column":25},"end":{"line":29,"column":1}},"2":{"start":{"line":19,"column":2},"end":{"line":19,"column":58}},"3":{"start":{"line":20,"column":37},"end":{"line":20,"column":92}},"4":{"start":{"line":31,"column":34},"end":{"line":43,"column":1}}},"fnMap":{"0":{"name":"(anonymous_0)","decl":{"start":{"line":18,"column":21},"end":{"line":18,"column":22}},"loc":{"start":{"line":19,"column":2},"end":{"line":19,"column":58}},"line":19},"1":{"name":"(anonymous_1)","decl":{"start":{"line":20,"column":10},"end":{"line":20,"column":11}},"loc":{"start":{"line":20,"column":37},"end":{"line":20,"column":92}},"line":20}},"branchMap":{"0":{"loc":{"start":{"line":19,"column":2},"end":{"line":19,"column":58}},"type":"cond-expr","locations":[{"start":{"line":19,"column":14},"end":{"line":19,"column":33}},{"start":{"line":19,"column":36},"end":{"line":19,"column":58}}],"line":19},"1":{"loc":{"start":{"line":20,"column":37},"end":{"line":20,"column":92}},"type":"cond-expr","locations":[{"start":{"line":20,"column":49},"end":{"line":20,"column":72}},{"start":{"line":20,"column":75},"end":{"line":20,"column":92}}],"line":20}},"s":{"0":2,"1":2,"2":18,"3":18,"4":2},"f":{"0":18,"1":18},"b":{"0":[3,15],"1":[3,15]},"_coverageSchema":"1a1c01bbd47fc00a2c39e90264f33305004495a9","hash":"815052fccde04abf57e0f88566f9f2e8dbc8e19f"}
,"D:\\frontend\\Hiring\\Youtube\\src\\components\\CategoryBar\\CategoryBar.tsx": {"path":"D:\\frontend\\Hiring\\Youtube\\src\\components\\CategoryBar\\CategoryBar.tsx","statementMap":{"0":{"start":{"line":8,"column":30},"end":{"line":36,"column":1}},"1":{"start":{"line":9,"column":25},"end":{"line":9,"column":37}},"2":{"start":{"line":10,"column":39},"end":{"line":10,"column":78}},"3":{"start":{"line":12,"column":21},"end":{"line":16,"column":2}},"4":{"start":{"line":13,"column":16},"end":{"line":13,"column":53}},"5":{"start":{"line":14,"column":2},"end":{"line":14,"column":23}},"6":{"start":{"line":15,"column":2},"end":{"line":15,"column":20}},"7":{"start":{"line":18,"column":1},"end":{"line":35,"column":2}},"8":{"start":{"line":22,"column":5},"end":{"line":31,"column":6}}},"fnMap":{"0":{"name":"(anonymous_0)","decl":{"start":{"line":8,"column":30},"end":{"line":8,"column":31}},"loc":{"start":{"line":8,"column":49},"end":{"line":36,"column":1}},"line":8},"1":{"name":"(anonymous_1)","decl":{"start":{"line":12,"column":21},"end":{"line":12,"column":22}},"loc":{"start":{"line":12,"column":65},"end":{"line":16,"column":2}},"line":12},"2":{"name":"(anonymous_2)","decl":{"start":{"line":21,"column":33},"end":{"line":21,"column":34}},"loc":{"start":{"line":21,"column":47},"end":{"line":32,"column":5}},"line":21}},"branchMap":{},"s":{"0":2,"1":3,"2":3,"3":3,"4":1,"5":1,"6":1,"7":3,"8":18},"f":{"0":3,"1":1,"2":18},"b":{},"_coverageSchema":"1a1c01bbd47fc00a2c39e90264f33305004495a9","hash":"c747341a54b4832f22edcd1c691dbc7b8fe38eb7"}
,"D:\\frontend\\Hiring\\Youtube\\src\\components\\ErrorBoundary\\ErrorBoundary.tsx": {"path":"D:\\frontend\\Hiring\\Youtube\\src\\components\\ErrorBoundary\\ErrorBoundary.tsx","statementMap":{"0":{"start":{"line":14,"column":2},"end":{"line":14,"column":14}},"1":{"start":{"line":15,"column":2},"end":{"line":15,"column":34}},"2":{"start":{"line":19,"column":2},"end":{"line":19,"column":30}},"3":{"start":{"line":20,"column":2},"end":{"line":20,"column":27}},"4":{"start":{"line":24,"column":2},"end":{"line":24,"column":30}},"5":{"start":{"line":25,"column":2},"end":{"line":25,"column":27}},"6":{"start":{"line":29,"column":2},"end":{"line":31,"column":3}},"7":{"start":{"line":30,"column":3},"end":{"line":30,"column":29}},"8":{"start":{"line":33,"column":2},"end":{"line":33,"column":28}}},"fnMap":{"0":{"name":"(anonymous_0)","decl":{"start":{"line":13,"column":1},"end":{"line":13,"column":2}},"loc":{"start":{"line":13,"column":28},"end":{"line":16,"column":2}},"line":13},"1":{"name":"(anonymous_1)","decl":{"start":{"line":18,"column":1},"end":{"line":18,"column":2}},"loc":{"start":{"line":18,"column":35},"end":{"line":21,"column":2}},"line":18},"2":{"name":"(anonymous_2)","decl":{"start":{"line":23,"column":1},"end":{"line":23,"column":2}},"loc":{"start":{"line":23,"column":28},"end":{"line":26,"column":2}},"line":23},"3":{"name":"(anonymous_3)","decl":{"start":{"line":28,"column":1},"end":{"line":28,"column":2}},"loc":{"start":{"line":28,"column":10},"end":{"line":34,"column":2}},"line":28}},"branchMap":{"0":{"loc":{"start":{"line":29,"column":2},"end":{"line":31,"column":3}},"type":"if","locations":[{"start":{"line":29,"column":2},"end":{"line":31,"column":3}},{"start":{},"end":{}}],"line":29}},"s":{"0":12,"1":12,"2":4,"3":4,"4":0,"5":0,"6":33,"7":4,"8":29},"f":{"0":12,"1":4,"2":0,"3":33},"b":{"0":[4,29]},"_coverageSchema":"1a1c01bbd47fc00a2c39e90264f33305004495a9","hash":"c965cb94684aaf98905bce3ec2a128d1754b5fec"}
,"D:\\frontend\\Hiring\\Youtube\\src\\components\\FilmCard\\FilmCard.styles.ts": {"path":"D:\\frontend\\Hiring\\Youtube\\src\\components\\FilmCard\\FilmCard.styles.ts","statementMap":{"0":{"start":{"line":4,"column":30},"end":{"line":17,"column":1}},"1":{"start":{"line":19,"column":34},"end":{"line":35,"column":1}},"2":{"start":{"line":37,"column":42},"end":{"line":54,"column":1}},"3":{"start":{"line":44,"column":36},"end":{"line":44,"column":58}},"4":{"start":{"line":56,"column":34},"end":{"line":65,"column":1}},"5":{"start":{"line":60,"column":25},"end":{"line":60,"column":42}},"6":{"start":{"line":67,"column":30},"end":{"line":74,"column":1}},"7":{"start":{"line":76,"column":31},"end":{"line":83,"column":1}},"8":{"start":{"line":82,"column":36},"end":{"line":82,"column":53}},"9":{"start":{"line":85,"column":31},"end":{"line":98,"column":1}}},"fnMap":{"0":{"name":"(anonymous_0)","decl":{"start":{"line":44,"column":21},"end":{"line":44,"column":22}},"loc":{"start":{"line":44,"column":36},"end":{"line":44,"column":58}},"line":44},"1":{"name":"(anonymous_1)","decl":{"start":{"line":60,"column":10},"end":{"line":60,"column":11}},"loc":{"start":{"line":60,"column":25},"end":{"line":60,"column":42}},"line":60},"2":{"name":"(anonymous_2)","decl":{"start":{"line":82,"column":21},"end":{"line":82,"column":22}},"loc":{"start":{"line":82,"column":36},"end":{"line":82,"column":53}},"line":82}},"branchMap":{},"s":{"0":2,"1":2,"2":2,"3":14,"4":2,"5":14,"6":2,"7":2,"8":14,"9":2},"f":{"0":14,"1":14,"2":14},"b":{},"_coverageSchema":"1a1c01bbd47fc00a2c39e90264f33305004495a9","hash":"7327bd0bfe597f563927f09bbc8953107dbcd2e5"}
,"D:\\frontend\\Hiring\\Youtube\\src\\components\\FilmCard\\FilmCard.tsx": {"path":"D:\\frontend\\Hiring\\Youtube\\src\\components\\FilmCard\\FilmCard.tsx","statementMap":{"0":{"start":{"line":21,"column":38},"end":{"line":57,"column":1}},"1":{"start":{"line":28,"column":1},"end":{"line":56,"column":2}}},"fnMap":{"0":{"name":"(anonymous_0)","decl":{"start":{"line":21,"column":38},"end":{"line":21,"column":39}},"loc":{"start":{"line":27,"column":30},"end":{"line":57,"column":1}},"line":27}},"branchMap":{"0":{"loc":{"start":{"line":33,"column":6},"end":{"line":35,"column":135}},"type":"cond-expr","locations":[{"start":{"line":34,"column":9},"end":{"line":34,"column":14}},{"start":{"line":35,"column":9},"end":{"line":35,"column":135}}],"line":33}},"s":{"0":2,"1":14},"f":{"0":14},"b":{"0":[13,1]},"_coverageSchema":"1a1c01bbd47fc00a2c39e90264f33305004495a9","hash":"7dfdef21148172430ffe7d7010fb1649c615093c"}
,"D:\\frontend\\Hiring\\Youtube\\src\\components\\FilmCards\\FilmCards.styles.ts": {"path":"D:\\frontend\\Hiring\\Youtube\\src\\components\\FilmCards\\FilmCards.styles.ts","statementMap":{"0":{"start":{"line":4,"column":40},"end":{"line":25,"column":1}},"1":{"start":{"line":27,"column":34},"end":{"line":30,"column":1}},"2":{"start":{"line":32,"column":31},"end":{"line":36,"column":1}}},"fnMap":{},"branchMap":{},"s":{"0":3,"1":3,"2":3},"f":{},"b":{},"_coverageSchema":"1a1c01bbd47fc00a2c39e90264f33305004495a9","hash":"2df7f40ac98869416694acffb630a14ffc05177c"}
,"D:\\frontend\\Hiring\\Youtube\\src\\components\\FilmCards\\FilmCards.tsx": {"path":"D:\\frontend\\Hiring\\Youtube\\src\\components\\FilmCards\\FilmCards.tsx","statementMap":{"0":{"start":{"line":13,"column":28},"end":{"line":667,"column":1}},"1":{"start":{"line":14,"column":29},"end":{"line":14,"column":71}},"2":{"start":{"line":14,"column":57},"end":{"line":14,"column":70}},"3":{"start":{"line":16,"column":35},"end":{"line":16,"column":50}},"4":{"start":{"line":17,"column":41},"end":{"line":17,"column":53}},"5":{"start":{"line":19,"column":35},"end":{"line":19,"column":47}},"6":{"start":{"line":21,"column":29},"end":{"line":21,"column":78}},"7":{"start":{"line":601,"column":30},"end":{"line":605,"column":2}},"8":{"start":{"line":602,"column":2},"end":{"line":602,"column":20}},"9":{"start":{"line":603,"column":2},"end":{"line":603,"column":16}},"10":{"start":{"line":604,"column":2},"end":{"line":604,"column":23}},"11":{"start":{"line":607,"column":24},"end":{"line":610,"column":2}},"12":{"start":{"line":609,"column":2},"end":{"line":609,"column":42}},"13":{"start":{"line":613,"column":1},"end":{"line":623,"column":2}},"14":{"start":{"line":614,"column":2},"end":{"line":622,"column":3}},"15":{"start":{"line":625,"column":1},"end":{"line":631,"column":2}},"16":{"start":{"line":626,"column":2},"end":{"line":630,"column":3}},"17":{"start":{"line":633,"column":1},"end":{"line":666,"column":2}},"18":{"start":{"line":638,"column":6},"end":{"line":647,"column":7}},"19":{"start":{"line":645,"column":24},"end":{"line":645,"column":65}},"20":{"start":{"line":663,"column":68},"end":{"line":663,"column":83}}},"fnMap":{"0":{"name":"(anonymous_0)","decl":{"start":{"line":13,"column":28},"end":{"line":13,"column":29}},"loc":{"start":{"line":13,"column":47},"end":{"line":667,"column":1}},"line":13},"1":{"name":"(anonymous_1)","decl":{"start":{"line":14,"column":46},"end":{"line":14,"column":47}},"loc":{"start":{"line":14,"column":57},"end":{"line":14,"column":70}},"line":14},"2":{"name":"(anonymous_2)","decl":{"start":{"line":601,"column":30},"end":{"line":601,"column":31}},"loc":{"start":{"line":601,"column":88},"end":{"line":605,"column":2}},"line":601},"3":{"name":"(anonymous_3)","decl":{"start":{"line":607,"column":24},"end":{"line":607,"column":25}},"loc":{"start":{"line":607,"column":30},"end":{"line":610,"column":2}},"line":607},"4":{"name":"(anonymous_4)","decl":{"start":{"line":637,"column":20},"end":{"line":637,"column":21}},"loc":{"start":{"line":637,"column":31},"end":{"line":648,"column":6}},"line":637},"5":{"name":"(anonymous_5)","decl":{"start":{"line":645,"column":17},"end":{"line":645,"column":18}},"loc":{"start":{"line":645,"column":24},"end":{"line":645,"column":65}},"line":645},"6":{"name":"(anonymous_6)","decl":{"start":{"line":663,"column":62},"end":{"line":663,"column":63}},"loc":{"start":{"line":663,"column":68},"end":{"line":663,"column":83}},"line":663}},"branchMap":{"0":{"loc":{"start":{"line":609,"column":2},"end":{"line":609,"column":42}},"type":"binary-expr","locations":[{"start":{"line":609,"column":2},"end":{"line":609,"column":6}},{"start":{"line":609,"column":10},"end":{"line":609,"column":42}}],"line":609},"1":{"loc":{"start":{"line":613,"column":1},"end":{"line":623,"column":2}},"type":"if","locations":[{"start":{"line":613,"column":1},"end":{"line":623,"column":2}},{"start":{},"end":{}}],"line":613},"2":{"loc":{"start":{"line":625,"column":1},"end":{"line":631,"column":2}},"type":"if","locations":[{"start":{"line":625,"column":1},"end":{"line":631,"column":2}},{"start":{},"end":{}}],"line":625},"3":{"loc":{"start":{"line":625,"column":5},"end":{"line":625,"column":31}},"type":"binary-expr","locations":[{"start":{"line":625,"column":5},"end":{"line":625,"column":15}},{"start":{"line":625,"column":19},"end":{"line":625,"column":31}}],"line":625},"4":{"loc":{"start":{"line":636,"column":5},"end":{"line":648,"column":7}},"type":"binary-expr","locations":[{"start":{"line":636,"column":5},"end":{"line":636,"column":23}},{"start":{"line":637,"column":5},"end":{"line":648,"column":7}}],"line":636},"5":{"loc":{"start":{"line":650,"column":4},"end":{"line":654,"column":4}},"type":"binary-expr","locations":[{"start":{"line":650,"column":4},"end":{"line":650,"column":8}},{"start":{"line":651,"column":4},"end":{"line":653,"column":25}}],"line":650},"6":{"loc":{"start":{"line":662,"column":4},"end":{"line":664,"column":4}},"type":"binary-expr","locations":[{"start":{"line":662,"column":4},"end":{"line":662,"column":17}},{"start":{"line":663,"column":4},"end":{"line":663,"column":87}}],"line":662}},"s":{"0":1,"1":23,"2":41,"3":23,"4":23,"5":23,"6":23,"7":23,"8":2,"9":2,"10":2,"11":23,"12":1,"13":23,"14":12,"15":11,"16":1,"17":10,"18":11,"19":2,"20":1},"f":{"0":23,"1":41,"2":2,"3":1,"4":11,"5":2,"6":1},"b":{"0":[1,1],"1":[12,11],"2":[1,10],"3":[11,11],"4":[10,10],"5":[10,10],"6":[10,2]},"_coverageSchema":"1a1c01bbd47fc00a2c39e90264f33305004495a9","hash":"cd0c70757ef8c79565a1cc75a29df2c502bee737"}
,"D:\\frontend\\Hiring\\Youtube\\src\\components\\Footer\\Footer.styles.ts": {"path":"D:\\frontend\\Hiring\\Youtube\\src\\components\\Footer\\Footer.styles.ts","statementMap":{"0":{"start":{"line":4,"column":28},"end":{"line":6,"column":1}},"1":{"start":{"line":8,"column":33},"end":{"line":25,"column":1}},"2":{"start":{"line":27,"column":34},"end":{"line":52,"column":1}},"3":{"start":{"line":54,"column":33},"end":{"line":69,"column":1}},"4":{"start":{"line":55,"column":25},"end":{"line":55,"column":42}},"5":{"start":{"line":71,"column":39},"end":{"line":86,"column":1}},"6":{"start":{"line":72,"column":25},"end":{"line":72,"column":47}},"7":{"start":{"line":88,"column":31},"end":{"line":90,"column":1}},"8":{"start":{"line":92,"column":35},"end":{"line":112,"column":1}},"9":{"start":{"line":109,"column":26},"end":{"line":109,"column":46}}},"fnMap":{"0":{"name":"(anonymous_0)","decl":{"start":{"line":55,"column":10},"end":{"line":55,"column":11}},"loc":{"start":{"line":55,"column":25},"end":{"line":55,"column":42}},"line":55},"1":{"name":"(anonymous_1)","decl":{"start":{"line":72,"column":10},"end":{"line":72,"column":11}},"loc":{"start":{"line":72,"column":25},"end":{"line":72,"column":47}},"line":72},"2":{"name":"(anonymous_2)","decl":{"start":{"line":109,"column":11},"end":{"line":109,"column":12}},"loc":{"start":{"line":109,"column":26},"end":{"line":109,"column":46}},"line":109}},"branchMap":{},"s":{"0":1,"1":1,"2":1,"3":1,"4":2,"5":1,"6":1,"7":1,"8":1,"9":1},"f":{"0":2,"1":1,"2":1},"b":{},"_coverageSchema":"1a1c01bbd47fc00a2c39e90264f33305004495a9","hash":"481d685f193474201b5c8d54f7c1cd89b230ccb0"}
,"D:\\frontend\\Hiring\\Youtube\\src\\components\\Footer\\Footer.tsx": {"path":"D:\\frontend\\Hiring\\Youtube\\src\\components\\Footer\\Footer.tsx","statementMap":{"0":{"start":{"line":16,"column":25},"end":{"line":39,"column":1}},"1":{"start":{"line":17,"column":1},"end":{"line":38,"column":2}}},"fnMap":{"0":{"name":"(anonymous_0)","decl":{"start":{"line":16,"column":25},"end":{"line":16,"column":26}},"loc":{"start":{"line":16,"column":44},"end":{"line":39,"column":1}},"line":16}},"branchMap":{},"s":{"0":1,"1":1},"f":{"0":1},"b":{},"_coverageSchema":"1a1c01bbd47fc00a2c39e90264f33305004495a9","hash":"42a650a89b7b8eec4d4531dbcf1ab6ac506f55e5"}
,"D:\\frontend\\Hiring\\Youtube\\src\\components\\Header\\Header.styles.ts": {"path":"D:\\frontend\\Hiring\\Youtube\\src\\components\\Header\\Header.styles.ts","statementMap":{"0":{"start":{"line":4,"column":28},"end":{"line":22,"column":1}},"1":{"start":{"line":9,"column":44},"end":{"line":9,"column":64}},"2":{"start":{"line":24,"column":35},"end":{"line":33,"column":1}},"3":{"start":{"line":34,"column":32},"end":{"line":58,"column":1}}},"fnMap":{"0":{"name":"(anonymous_0)","decl":{"start":{"line":9,"column":29},"end":{"line":9,"column":30}},"loc":{"start":{"line":9,"column":44},"end":{"line":9,"column":64}},"line":9}},"branchMap":{},"s":{"0":1,"1":1,"2":1,"3":1},"f":{"0":1},"b":{},"_coverageSchema":"1a1c01bbd47fc00a2c39e90264f33305004495a9","hash":"68604712c57f6b6ecd634d37df8333ca549aed98"}
,"D:\\frontend\\Hiring\\Youtube\\src\\components\\Header\\Header.tsx": {"path":"D:\\frontend\\Hiring\\Youtube\\src\\components\\Header\\Header.tsx","statementMap":{"0":{"start":{"line":11,"column":25},"end":{"line":27,"column":1}},"1":{"start":{"line":12,"column":39},"end":{"line":12,"column":54}},"2":{"start":{"line":13,"column":1},"end":{"line":26,"column":2}},"3":{"start":{"line":19,"column":59},"end":{"line":19,"column":89}},"4":{"start":{"line":19,"column":83},"end":{"line":19,"column":88}}},"fnMap":{"0":{"name":"(anonymous_0)","decl":{"start":{"line":11,"column":25},"end":{"line":11,"column":26}},"loc":{"start":{"line":11,"column":44},"end":{"line":27,"column":1}},"line":11},"1":{"name":"(anonymous_1)","decl":{"start":{"line":19,"column":53},"end":{"line":19,"column":54}},"loc":{"start":{"line":19,"column":59},"end":{"line":19,"column":89}},"line":19},"2":{"name":"(anonymous_2)","decl":{"start":{"line":19,"column":73},"end":{"line":19,"column":74}},"loc":{"start":{"line":19,"column":83},"end":{"line":19,"column":88}},"line":19}},"branchMap":{},"s":{"0":1,"1":1,"2":1,"3":0,"4":0},"f":{"0":1,"1":0,"2":0},"b":{},"_coverageSchema":"1a1c01bbd47fc00a2c39e90264f33305004495a9","hash":"06558b22dfda281a9040f03a63f87f26e9a0a687"}
,"D:\\frontend\\Hiring\\Youtube\\src\\components\\Logo\\Logo.styles.ts": {"path":"D:\\frontend\\Hiring\\Youtube\\src\\components\\Logo\\Logo.styles.ts","statementMap":{"0":{"start":{"line":4,"column":26},"end":{"line":17,"column":1}}},"fnMap":{},"branchMap":{},"s":{"0":1},"f":{},"b":{},"_coverageSchema":"1a1c01bbd47fc00a2c39e90264f33305004495a9","hash":"015a047cf84e1ef8954c2b34a011db0b75c5e8a2"}
,"D:\\frontend\\Hiring\\Youtube\\src\\components\\Logo\\Logo.tsx": {"path":"D:\\frontend\\Hiring\\Youtube\\src\\components\\Logo\\Logo.tsx","statementMap":{"0":{"start":{"line":4,"column":23},"end":{"line":11,"column":1}},"1":{"start":{"line":5,"column":1},"end":{"line":10,"column":2}}},"fnMap":{"0":{"name":"(anonymous_0)","decl":{"start":{"line":4,"column":23},"end":{"line":4,"column":24}},"loc":{"start":{"line":4,"column":42},"end":{"line":11,"column":1}},"line":4}},"branchMap":{},"s":{"0":1,"1":1},"f":{"0":1},"b":{},"_coverageSchema":"1a1c01bbd47fc00a2c39e90264f33305004495a9","hash":"d260e49f09351e59abccc6ce8d0d186bc4bacf93"}
,"D:\\frontend\\Hiring\\Youtube\\src\\components\\Menu\\PhoneMenu.styles.ts": {"path":"D:\\frontend\\Hiring\\Youtube\\src\\components\\Menu\\PhoneMenu.styles.ts","statementMap":{"0":{"start":{"line":4,"column":31},"end":{"line":39,"column":1}},"1":{"start":{"line":25,"column":2},"end":{"line":28,"column":3}}},"fnMap":{"0":{"name":"(anonymous_0)","decl":{"start":{"line":24,"column":3},"end":{"line":24,"column":4}},"loc":{"start":{"line":25,"column":2},"end":{"line":28,"column":3}},"line":25}},"branchMap":{"0":{"loc":{"start":{"line":25,"column":2},"end":{"line":28,"column":3}},"type":"binary-expr","locations":[{"start":{"line":25,"column":2},"end":{"line":25,"column":13}},{"start":{"line":26,"column":2},"end":{"line":28,"column":3}}],"line":25}},"s":{"0":1,"1":1},"f":{"0":1},"b":{"0":[1,0]},"_coverageSchema":"1a1c01bbd47fc00a2c39e90264f33305004495a9","hash":"f6aec20f95f2a03110838c0dc800e5c507ee8b42"}
,"D:\\frontend\\Hiring\\Youtube\\src\\components\\Menu\\PhoneMenu.tsx": {"path":"D:\\frontend\\Hiring\\Youtube\\src\\components\\Menu\\PhoneMenu.tsx","statementMap":{"0":{"start":{"line":9,"column":40},"end":{"line":28,"column":1}},"1":{"start":{"line":10,"column":36},"end":{"line":10,"column":51}},"2":{"start":{"line":12,"column":1},"end":{"line":19,"column":41}},"3":{"start":{"line":13,"column":2},"end":{"line":16,"column":3}},"4":{"start":{"line":14,"column":3},"end":{"line":14,"column":24}},"5":{"start":{"line":15,"column":3},"end":{"line":15,"column":15}},"6":{"start":{"line":18,"column":2},"end":{"line":18,"column":29}},"7":{"start":{"line":18,"column":15},"end":{"line":18,"column":29}},"8":{"start":{"line":21,"column":1},"end":{"line":27,"column":2}}},"fnMap":{"0":{"name":"(anonymous_0)","decl":{"start":{"line":9,"column":40},"end":{"line":9,"column":41}},"loc":{"start":{"line":9,"column":83},"end":{"line":28,"column":1}},"line":9},"1":{"name":"(anonymous_1)","decl":{"start":{"line":12,"column":11},"end":{"line":12,"column":12}},"loc":{"start":{"line":12,"column":17},"end":{"line":19,"column":2}},"line":12},"2":{"name":"(anonymous_2)","decl":{"start":{"line":18,"column":9},"end":{"line":18,"column":10}},"loc":{"start":{"line":18,"column":15},"end":{"line":18,"column":29}},"line":18}},"branchMap":{"0":{"loc":{"start":{"line":13,"column":2},"end":{"line":16,"column":3}},"type":"if","locations":[{"start":{"line":13,"column":2},"end":{"line":16,"column":3}},{"start":{},"end":{}}],"line":13}},"s":{"0":1,"1":1,"2":1,"3":1,"4":0,"5":0,"6":1,"7":1,"8":1},"f":{"0":1,"1":1,"2":1},"b":{"0":[0,1]},"_coverageSchema":"1a1c01bbd47fc00a2c39e90264f33305004495a9","hash":"3db6daa03acf885ec59322ee01a1434c5a622bd0"}
,"D:\\frontend\\Hiring\\Youtube\\src\\components\\PopUp\\PopUp.styles.ts": {"path":"D:\\frontend\\Hiring\\Youtube\\src\\components\\PopUp\\PopUp.styles.ts","statementMap":{"0":{"start":{"line":4,"column":27},"end":{"line":15,"column":1}},"1":{"start":{"line":17,"column":36},"end":{"line":36,"column":1}},"2":{"start":{"line":38,"column":28},"end":{"line":41,"column":1}}},"fnMap":{},"branchMap":{},"s":{"0":2,"1":2,"2":2},"f":{},"b":{},"_coverageSchema":"1a1c01bbd47fc00a2c39e90264f33305004495a9","hash":"12a2a70ec1dcf651742c484a36d77e04a9cb6e1e"}
,"D:\\frontend\\Hiring\\Youtube\\src\\components\\PopUp\\PopUp.tsx": {"path":"D:\\frontend\\Hiring\\Youtube\\src\\components\\PopUp\\PopUp.tsx","statementMap":{"0":{"start":{"line":12,"column":32},"end":{"line":39,"column":1}},"1":{"start":{"line":13,"column":36},"end":{"line":13,"column":51}},"2":{"start":{"line":14,"column":13},"end":{"line":14,"column":25}},"3":{"start":{"line":16,"column":21},"end":{"line":18,"column":2}},"4":{"start":{"line":17,"column":2},"end":{"line":17,"column":43}},"5":{"start":{"line":17,"column":32},"end":{"line":17,"column":43}},"6":{"start":{"line":20,"column":1},"end":{"line":24,"column":31}},"7":{"start":{"line":21,"column":2},"end":{"line":21,"column":14}},"8":{"start":{"line":23,"column":2},"end":{"line":23,"column":29}},"9":{"start":{"line":23,"column":15},"end":{"line":23,"column":29}},"10":{"start":{"line":26,"column":1},"end":{"line":38,"column":2}}},"fnMap":{"0":{"name":"(anonymous_0)","decl":{"start":{"line":12,"column":32},"end":{"line":12,"column":33}},"loc":{"start":{"line":12,"column":78},"end":{"line":39,"column":1}},"line":12},"1":{"name":"(anonymous_1)","decl":{"start":{"line":16,"column":21},"end":{"line":16,"column":22}},"loc":{"start":{"line":16,"column":62},"end":{"line":18,"column":2}},"line":16},"2":{"name":"(anonymous_2)","decl":{"start":{"line":20,"column":11},"end":{"line":20,"column":12}},"loc":{"start":{"line":20,"column":17},"end":{"line":24,"column":2}},"line":20},"3":{"name":"(anonymous_3)","decl":{"start":{"line":23,"column":9},"end":{"line":23,"column":10}},"loc":{"start":{"line":23,"column":15},"end":{"line":23,"column":29}},"line":23}},"branchMap":{"0":{"loc":{"start":{"line":17,"column":2},"end":{"line":17,"column":43}},"type":"if","locations":[{"start":{"line":17,"column":2},"end":{"line":17,"column":43}},{"start":{},"end":{}}],"line":17}},"s":{"0":2,"1":4,"2":4,"3":4,"4":2,"5":2,"6":4,"7":4,"8":4,"9":4,"10":4},"f":{"0":4,"1":2,"2":4,"3":4},"b":{"0":[2,0]},"_coverageSchema":"1a1c01bbd47fc00a2c39e90264f33305004495a9","hash":"479e6084a8e4bedbc341b18ad99adfcae73e403c"}
,"D:\\frontend\\Hiring\\Youtube\\src\\components\\SearchBar\\SearchBar.styles.ts": {"path":"D:\\frontend\\Hiring\\Youtube\\src\\components\\SearchBar\\SearchBar.styles.ts","statementMap":{"0":{"start":{"line":4,"column":26},"end":{"line":10,"column":1}},"1":{"start":{"line":11,"column":37},"end":{"line":17,"column":1}},"2":{"start":{"line":19,"column":33},"end":{"line":36,"column":1}},"3":{"start":{"line":26,"column":36},"end":{"line":26,"column":56}},"4":{"start":{"line":38,"column":31},"end":{"line":50,"column":1}},"5":{"start":{"line":39,"column":36},"end":{"line":39,"column":56}},"6":{"start":{"line":48,"column":25},"end":{"line":48,"column":45}},"7":{"start":{"line":52,"column":33},"end":{"line":58,"column":1}}},"fnMap":{"0":{"name":"(anonymous_0)","decl":{"start":{"line":26,"column":21},"end":{"line":26,"column":22}},"loc":{"start":{"line":26,"column":36},"end":{"line":26,"column":56}},"line":26},"1":{"name":"(anonymous_1)","decl":{"start":{"line":39,"column":21},"end":{"line":39,"column":22}},"loc":{"start":{"line":39,"column":36},"end":{"line":39,"column":56}},"line":39},"2":{"name":"(anonymous_2)","decl":{"start":{"line":48,"column":10},"end":{"line":48,"column":11}},"loc":{"start":{"line":48,"column":25},"end":{"line":48,"column":45}},"line":48}},"branchMap":{},"s":{"0":2,"1":2,"2":2,"3":24,"4":2,"5":24,"6":24,"7":2},"f":{"0":24,"1":24,"2":24},"b":{},"_coverageSchema":"1a1c01bbd47fc00a2c39e90264f33305004495a9","hash":"7d42b75c0856c9169eb54cee248adb6f72ceda97"}
,"D:\\frontend\\Hiring\\Youtube\\src\\components\\SearchBar\\SearchBar.tsx": {"path":"D:\\frontend\\Hiring\\Youtube\\src\\components\\SearchBar\\SearchBar.tsx","statementMap":{"0":{"start":{"line":22,"column":28},"end":{"line":95,"column":1}},"1":{"start":{"line":23,"column":29},"end":{"line":23,"column":41}},"2":{"start":{"line":24,"column":39},"end":{"line":24,"column":54}},"3":{"start":{"line":25,"column":25},"end":{"line":25,"column":44}},"4":{"start":{"line":26,"column":32},"end":{"line":26,"column":44}},"5":{"start":{"line":27,"column":13},"end":{"line":27,"column":50}},"6":{"start":{"line":29,"column":27},"end":{"line":36,"column":2}},"7":{"start":{"line":30,"column":2},"end":{"line":35,"column":3}},"8":{"start":{"line":34,"column":3},"end":{"line":34,"column":24}},"9":{"start":{"line":38,"column":1},"end":{"line":38,"column":52}},"10":{"start":{"line":38,"column":31},"end":{"line":38,"column":51}},"11":{"start":{"line":39,"column":25},"end":{"line":39,"column":69}},"12":{"start":{"line":42,"column":19},"end":{"line":42,"column":24}},"13":{"start":{"line":44,"column":22},"end":{"line":46,"column":2}},"14":{"start":{"line":45,"column":2},"end":{"line":45,"column":27}},"15":{"start":{"line":48,"column":22},"end":{"line":55,"column":2}},"16":{"start":{"line":49,"column":2},"end":{"line":49,"column":21}},"17":{"start":{"line":50,"column":2},"end":{"line":50,"column":23}},"18":{"start":{"line":51,"column":2},"end":{"line":51,"column":21}},"19":{"start":{"line":52,"column":2},"end":{"line":52,"column":23}},"20":{"start":{"line":53,"column":2},"end":{"line":53,"column":21}},"21":{"start":{"line":54,"column":2},"end":{"line":54,"column":18}},"22":{"start":{"line":57,"column":1},"end":{"line":94,"column":2}},"23":{"start":{"line":66,"column":6},"end":{"line":66,"column":20}},"24":{"start":{"line":68,"column":20},"end":{"line":68,"column":40}},"25":{"start":{"line":79,"column":9},"end":{"line":79,"column":36}},"26":{"start":{"line":80,"column":9},"end":{"line":80,"column":25}},"27":{"start":{"line":81,"column":9},"end":{"line":81,"column":24}},"28":{"start":{"line":82,"column":9},"end":{"line":82,"column":28}},"29":{"start":{"line":83,"column":9},"end":{"line":83,"column":30}}},"fnMap":{"0":{"name":"(anonymous_0)","decl":{"start":{"line":22,"column":28},"end":{"line":22,"column":29}},"loc":{"start":{"line":22,"column":47},"end":{"line":95,"column":1}},"line":22},"1":{"name":"(anonymous_1)","decl":{"start":{"line":29,"column":27},"end":{"line":29,"column":28}},"loc":{"start":{"line":29,"column":44},"end":{"line":36,"column":2}},"line":29},"2":{"name":"(anonymous_2)","decl":{"start":{"line":38,"column":24},"end":{"line":38,"column":25}},"loc":{"start":{"line":38,"column":31},"end":{"line":38,"column":51}},"line":38},"3":{"name":"(anonymous_3)","decl":{"start":{"line":44,"column":22},"end":{"line":44,"column":23}},"loc":{"start":{"line":44,"column":66},"end":{"line":46,"column":2}},"line":44},"4":{"name":"(anonymous_4)","decl":{"start":{"line":48,"column":22},"end":{"line":48,"column":23}},"loc":{"start":{"line":48,"column":64},"end":{"line":55,"column":2}},"line":48},"5":{"name":"(anonymous_5)","decl":{"start":{"line":65,"column":15},"end":{"line":65,"column":16}},"loc":{"start":{"line":65,"column":21},"end":{"line":67,"column":6}},"line":65},"6":{"name":"(anonymous_6)","decl":{"start":{"line":68,"column":14},"end":{"line":68,"column":15}},"loc":{"start":{"line":68,"column":20},"end":{"line":68,"column":40}},"line":68},"7":{"name":"(anonymous_7)","decl":{"start":{"line":78,"column":17},"end":{"line":78,"column":18}},"loc":{"start":{"line":78,"column":28},"end":{"line":84,"column":9}},"line":78}},"branchMap":{"0":{"loc":{"start":{"line":30,"column":2},"end":{"line":35,"column":3}},"type":"if","locations":[{"start":{"line":30,"column":2},"end":{"line":35,"column":3}},{"start":{},"end":{}}],"line":30},"1":{"loc":{"start":{"line":31,"column":3},"end":{"line":32,"column":83}},"type":"binary-expr","locations":[{"start":{"line":31,"column":3},"end":{"line":31,"column":59}},{"start":{"line":32,"column":3},"end":{"line":32,"column":83}}],"line":31},"2":{"loc":{"start":{"line":73,"column":6},"end":{"line":87,"column":6}},"type":"binary-expr","locations":[{"start":{"line":73,"column":6},"end":{"line":73,"column":11}},{"start":{"line":73,"column":15},"end":{"line":73,"column":26}},{"start":{"line":74,"column":6},"end":{"line":86,"column":26}}],"line":73}},"s":{"0":2,"1":26,"2":26,"3":26,"4":26,"5":26,"6":26,"7":0,"8":0,"9":26,"10":0,"11":26,"12":26,"13":26,"14":2,"15":26,"16":2,"17":2,"18":2,"19":2,"20":2,"21":2,"22":26,"23":0,"24":4,"25":1,"26":1,"27":1,"28":1,"29":1},"f":{"0":26,"1":0,"2":0,"3":2,"4":2,"5":0,"6":4,"7":1},"b":{"0":[0,0],"1":[0,0],"2":[26,9,4]},"_coverageSchema":"1a1c01bbd47fc00a2c39e90264f33305004495a9","hash":"039dd04a57b73ea5045dcf281c5aab3495909d1f"}
,"D:\\frontend\\Hiring\\Youtube\\src\\components\\SearchHints\\SearchHints.styles.ts": {"path":"D:\\frontend\\Hiring\\Youtube\\src\\components\\SearchHints\\SearchHints.styles.ts","statementMap":{"0":{"start":{"line":3,"column":33},"end":{"line":10,"column":1}},"1":{"start":{"line":12,"column":30},"end":{"line":25,"column":1}}},"fnMap":{},"branchMap":{},"s":{"0":3,"1":3},"f":{},"b":{},"_coverageSchema":"1a1c01bbd47fc00a2c39e90264f33305004495a9","hash":"28c179792a1c6f1520b37e0a6e9dd569ee15c139"}
,"D:\\frontend\\Hiring\\Youtube\\src\\components\\SearchHints\\SearchHints.tsx": {"path":"D:\\frontend\\Hiring\\Youtube\\src\\components\\SearchHints\\SearchHints.tsx","statementMap":{"0":{"start":{"line":9,"column":44},"end":{"line":30,"column":1}},"1":{"start":{"line":14,"column":1},"end":{"line":29,"column":2}},"2":{"start":{"line":21,"column":5},"end":{"line":25,"column":6}},"3":{"start":{"line":22,"column":75},"end":{"line":22,"column":88}}},"fnMap":{"0":{"name":"(anonymous_0)","decl":{"start":{"line":9,"column":44},"end":{"line":9,"column":45}},"loc":{"start":{"line":13,"column":33},"end":{"line":30,"column":1}},"line":13},"1":{"name":"(anonymous_1)","decl":{"start":{"line":20,"column":14},"end":{"line":20,"column":15}},"loc":{"start":{"line":20,"column":24},"end":{"line":26,"column":5}},"line":20},"2":{"name":"(anonymous_2)","decl":{"start":{"line":22,"column":69},"end":{"line":22,"column":70}},"loc":{"start":{"line":22,"column":75},"end":{"line":22,"column":88}},"line":22}},"branchMap":{"0":{"loc":{"start":{"line":16,"column":4},"end":{"line":27,"column":4}},"type":"cond-expr","locations":[{"start":{"line":17,"column":4},"end":{"line":17,"column":44}},{"start":{"line":19,"column":4},"end":{"line":26,"column":6}}],"line":16},"1":{"loc":{"start":{"line":19,"column":4},"end":{"line":26,"column":6}},"type":"binary-expr","locations":[{"start":{"line":19,"column":4},"end":{"line":19,"column":16}},{"start":{"line":20,"column":4},"end":{"line":26,"column":6}}],"line":19}},"s":{"0":3,"1":6,"2":5,"3":2},"f":{"0":6,"1":5,"2":2},"b":{"0":[1,5],"1":[5,5]},"_coverageSchema":"1a1c01bbd47fc00a2c39e90264f33305004495a9","hash":"4620b83b7414ae2f5e28a895cd05ce2253ea9509"}
,"D:\\frontend\\Hiring\\Youtube\\src\\components\\ThemeToggler\\ThemeToggler.styles.ts": {"path":"D:\\frontend\\Hiring\\Youtube\\src\\components\\ThemeToggler\\ThemeToggler.styles.ts","statementMap":{"0":{"start":{"line":4,"column":35},"end":{"line":9,"column":1}},"1":{"start":{"line":10,"column":33},"end":{"line":15,"column":1}},"2":{"start":{"line":16,"column":33},"end":{"line":26,"column":1}},"3":{"start":{"line":28,"column":32},"end":{"line":49,"column":1}}},"fnMap":{},"branchMap":{},"s":{"0":2,"1":2,"2":2,"3":2},"f":{},"b":{},"_coverageSchema":"1a1c01bbd47fc00a2c39e90264f33305004495a9","hash":"cccc4a5c440ea054a7a78320be943c1531548261"}
,"D:\\frontend\\Hiring\\Youtube\\src\\components\\ThemeToggler\\ThemeToggler.tsx": {"path":"D:\\frontend\\Hiring\\Youtube\\src\\components\\ThemeToggler\\ThemeToggler.tsx","statementMap":{"0":{"start":{"line":14,"column":31},"end":{"line":39,"column":1}},"1":{"start":{"line":16,"column":22},"end":{"line":16,"column":34}},"2":{"start":{"line":17,"column":29},"end":{"line":17,"column":75}},"3":{"start":{"line":17,"column":57},"end":{"line":17,"column":74}},"4":{"start":{"line":19,"column":35},"end":{"line":19,"column":89}},"5":{"start":{"line":21,"column":18},"end":{"line":24,"column":2}},"6":{"start":{"line":22,"column":2},"end":{"line":22,"column":26}},"7":{"start":{"line":23,"column":2},"end":{"line":23,"column":36}},"8":{"start":{"line":26,"column":1},"end":{"line":38,"column":2}}},"fnMap":{"0":{"name":"(anonymous_0)","decl":{"start":{"line":14,"column":31},"end":{"line":14,"column":32}},"loc":{"start":{"line":14,"column":50},"end":{"line":39,"column":1}},"line":14},"1":{"name":"(anonymous_1)","decl":{"start":{"line":17,"column":46},"end":{"line":17,"column":47}},"loc":{"start":{"line":17,"column":57},"end":{"line":17,"column":74}},"line":17},"2":{"name":"(anonymous_2)","decl":{"start":{"line":21,"column":18},"end":{"line":21,"column":19}},"loc":{"start":{"line":21,"column":24},"end":{"line":24,"column":2}},"line":21}},"branchMap":{"0":{"loc":{"start":{"line":19,"column":53},"end":{"line":19,"column":88}},"type":"cond-expr","locations":[{"start":{"line":19,"column":76},"end":{"line":19,"column":80}},{"start":{"line":19,"column":83},"end":{"line":19,"column":88}}],"line":19},"1":{"loc":{"start":{"line":23,"column":11},"end":{"line":23,"column":35}},"type":"cond-expr","locations":[{"start":{"line":23,"column":23},"end":{"line":23,"column":28}},{"start":{"line":23,"column":31},"end":{"line":23,"column":35}}],"line":23}},"s":{"0":2,"1":5,"2":5,"3":12,"4":5,"5":5,"6":2,"7":2,"8":5},"f":{"0":5,"1":12,"2":2},"b":{"0":[1,4],"1":[1,1]},"_coverageSchema":"1a1c01bbd47fc00a2c39e90264f33305004495a9","hash":"fde64b1cfc89abd387b90a91028fe60be4f9acb5"}
,"D:\\frontend\\Hiring\\Youtube\\src\\components\\icons\\FbIcon.tsx": {"path":"D:\\frontend\\Hiring\\Youtube\\src\\components\\icons\\FbIcon.tsx","statementMap":{"0":{"start":{"line":1,"column":25},"end":{"line":27,"column":1}},"1":{"start":{"line":2,"column":1},"end":{"line":26,"column":2}}},"fnMap":{"0":{"name":"(anonymous_0)","decl":{"start":{"line":1,"column":25},"end":{"line":1,"column":26}},"loc":{"start":{"line":1,"column":44},"end":{"line":27,"column":1}},"line":1}},"branchMap":{},"s":{"0":1,"1":1},"f":{"0":1},"b":{},"_coverageSchema":"1a1c01bbd47fc00a2c39e90264f33305004495a9","hash":"ee9fca168fcb0eea44e0d34c0c4821a0afdf00d7"}
,"D:\\frontend\\Hiring\\Youtube\\src\\components\\icons\\IgIcon.tsx": {"path":"D:\\frontend\\Hiring\\Youtube\\src\\components\\icons\\IgIcon.tsx","statementMap":{"0":{"start":{"line":1,"column":25},"end":{"line":52,"column":1}},"1":{"start":{"line":2,"column":1},"end":{"line":51,"column":2}}},"fnMap":{"0":{"name":"(anonymous_0)","decl":{"start":{"line":1,"column":25},"end":{"line":1,"column":26}},"loc":{"start":{"line":1,"column":44},"end":{"line":52,"column":1}},"line":1}},"branchMap":{},"s":{"0":1,"1":1},"f":{"0":1},"b":{},"_coverageSchema":"1a1c01bbd47fc00a2c39e90264f33305004495a9","hash":"e3fc3cfc8bc52faaf10c1e599f6fec943121e1bb"}
,"D:\\frontend\\Hiring\\Youtube\\src\\components\\icons\\InIcon.tsx": {"path":"D:\\frontend\\Hiring\\Youtube\\src\\components\\icons\\InIcon.tsx","statementMap":{"0":{"start":{"line":1,"column":25},"end":{"line":40,"column":1}},"1":{"start":{"line":2,"column":1},"end":{"line":39,"column":2}}},"fnMap":{"0":{"name":"(anonymous_0)","decl":{"start":{"line":1,"column":25},"end":{"line":1,"column":26}},"loc":{"start":{"line":1,"column":44},"end":{"line":40,"column":1}},"line":1}},"branchMap":{},"s":{"0":1,"1":1},"f":{"0":1},"b":{},"_coverageSchema":"1a1c01bbd47fc00a2c39e90264f33305004495a9","hash":"a10b8958084f7a1ce7d942c602d031e610e7a853"}
,"D:\\frontend\\Hiring\\Youtube\\src\\components\\icons\\MoonIcon.tsx": {"path":"D:\\frontend\\Hiring\\Youtube\\src\\components\\icons\\MoonIcon.tsx","statementMap":{"0":{"start":{"line":1,"column":27},"end":{"line":10,"column":1}},"1":{"start":{"line":2,"column":1},"end":{"line":9,"column":2}}},"fnMap":{"0":{"name":"(anonymous_0)","decl":{"start":{"line":1,"column":27},"end":{"line":1,"column":28}},"loc":{"start":{"line":1,"column":46},"end":{"line":10,"column":1}},"line":1}},"branchMap":{},"s":{"0":0,"1":0},"f":{"0":0},"b":{}}
,"D:\\frontend\\Hiring\\Youtube\\src\\components\\icons\\SearchIcon.tsx": {"path":"D:\\frontend\\Hiring\\Youtube\\src\\components\\icons\\SearchIcon.tsx","statementMap":{"0":{"start":{"line":1,"column":29},"end":{"line":21,"column":1}},"1":{"start":{"line":2,"column":1},"end":{"line":20,"column":2}}},"fnMap":{"0":{"name":"(anonymous_0)","decl":{"start":{"line":1,"column":29},"end":{"line":1,"column":30}},"loc":{"start":{"line":1,"column":48},"end":{"line":21,"column":1}},"line":1}},"branchMap":{},"s":{"0":2,"1":24},"f":{"0":24},"b":{},"_coverageSchema":"1a1c01bbd47fc00a2c39e90264f33305004495a9","hash":"56ce615b9127bb69d50b9a9d85bbcddd67075907"}
,"D:\\frontend\\Hiring\\Youtube\\src\\components\\icons\\SunIcon.tsx": {"path":"D:\\frontend\\Hiring\\Youtube\\src\\components\\icons\\SunIcon.tsx","statementMap":{"0":{"start":{"line":1,"column":26},"end":{"line":10,"column":1}},"1":{"start":{"line":2,"column":1},"end":{"line":9,"column":2}}},"fnMap":{"0":{"name":"(anonymous_0)","decl":{"start":{"line":1,"column":26},"end":{"line":1,"column":27}},"loc":{"start":{"line":1,"column":45},"end":{"line":10,"column":1}},"line":1}},"branchMap":{},"s":{"0":0,"1":0},"f":{"0":0},"b":{}}
,"D:\\frontend\\Hiring\\Youtube\\src\\components\\icons\\TwIcon.tsx": {"path":"D:\\frontend\\Hiring\\Youtube\\src\\components\\icons\\TwIcon.tsx","statementMap":{"0":{"start":{"line":1,"column":25},"end":{"line":40,"column":1}},"1":{"start":{"line":2,"column":1},"end":{"line":39,"column":2}}},"fnMap":{"0":{"name":"(anonymous_0)","decl":{"start":{"line":1,"column":25},"end":{"line":1,"column":26}},"loc":{"start":{"line":1,"column":44},"end":{"line":40,"column":1}},"line":1}},"branchMap":{},"s":{"0":1,"1":1},"f":{"0":1},"b":{},"_coverageSchema":"1a1c01bbd47fc00a2c39e90264f33305004495a9","hash":"4ab6fb37fd694c69197fd68bab8b67795ea2dfda"}
,"D:\\frontend\\Hiring\\Youtube\\src\\components\\icons\\UserIcon.tsx": {"path":"D:\\frontend\\Hiring\\Youtube\\src\\components\\icons\\UserIcon.tsx","statementMap":{"0":{"start":{"line":1,"column":27},"end":{"line":18,"column":1}},"1":{"start":{"line":2,"column":1},"end":{"line":17,"column":2}}},"fnMap":{"0":{"name":"(anonymous_0)","decl":{"start":{"line":1,"column":27},"end":{"line":1,"column":28}},"loc":{"start":{"line":1,"column":46},"end":{"line":18,"column":1}},"line":1}},"branchMap":{},"s":{"0":0,"1":0},"f":{"0":0},"b":{}}
,"D:\\frontend\\Hiring\\Youtube\\src\\components\\icons\\YtIcon.tsx": {"path":"D:\\frontend\\Hiring\\Youtube\\src\\components\\icons\\YtIcon.tsx","statementMap":{"0":{"start":{"line":1,"column":25},"end":{"line":29,"column":1}},"1":{"start":{"line":2,"column":1},"end":{"line":28,"column":2}}},"fnMap":{"0":{"name":"(anonymous_0)","decl":{"start":{"line":1,"column":25},"end":{"line":1,"column":26}},"loc":{"start":{"line":1,"column":44},"end":{"line":29,"column":1}},"line":1}},"branchMap":{},"s":{"0":3,"1":15},"f":{"0":15},"b":{},"_coverageSchema":"1a1c01bbd47fc00a2c39e90264f33305004495a9","hash":"20440099b007d0a6a064e4c0442a447d43f55e41"}
,"D:\\frontend\\Hiring\\Youtube\\src\\components\\skeletons\\FilmCardSkeleton.styles.ts": {"path":"D:\\frontend\\Hiring\\Youtube\\src\\components\\skeletons\\FilmCardSkeleton.styles.ts","statementMap":{"0":{"start":{"line":3,"column":21},"end":{"line":10,"column":1}},"1":{"start":{"line":12,"column":33},"end":{"line":18,"column":1}},"2":{"start":{"line":20,"column":41},"end":{"line":28,"column":1}},"3":{"start":{"line":30,"column":34},"end":{"line":33,"column":1}},"4":{"start":{"line":35,"column":30},"end":{"line":47,"column":1}},"5":{"start":{"line":49,"column":31},"end":{"line":57,"column":1}},"6":{"start":{"line":59,"column":39},"end":{"line":66,"column":1}}},"fnMap":{},"branchMap":{},"s":{"0":2,"1":2,"2":2,"3":2,"4":2,"5":2,"6":2},"f":{},"b":{},"_coverageSchema":"1a1c01bbd47fc00a2c39e90264f33305004495a9","hash":"11feb81e7b7920d0f62dfdf458e087d5d346fd84"}
,"D:\\frontend\\Hiring\\Youtube\\src\\components\\skeletons\\FilmCardSkeleton.tsx": {"path":"D:\\frontend\\Hiring\\Youtube\\src\\components\\skeletons\\FilmCardSkeleton.tsx","statementMap":{"0":{"start":{"line":10,"column":35},"end":{"line":27,"column":1}},"1":{"start":{"line":11,"column":1},"end":{"line":26,"column":2}}},"fnMap":{"0":{"name":"(anonymous_0)","decl":{"start":{"line":10,"column":35},"end":{"line":10,"column":36}},"loc":{"start":{"line":10,"column":54},"end":{"line":27,"column":1}},"line":10}},"branchMap":{},"s":{"0":2,"1":61},"f":{"0":61},"b":{},"_coverageSchema":"1a1c01bbd47fc00a2c39e90264f33305004495a9","hash":"2ed267a4a9a766168db92ff1ef621925fc735331"}
,"D:\\frontend\\Hiring\\Youtube\\src\\hooks\\useActions.ts": {"path":"D:\\frontend\\Hiring\\Youtube\\src\\hooks\\useActions.ts","statementMap":{"0":{"start":{"line":8,"column":26},"end":{"line":12,"column":1}},"1":{"start":{"line":9,"column":18},"end":{"line":9,"column":44}},"2":{"start":{"line":11,"column":1},"end":{"line":11,"column":76}},"3":{"start":{"line":11,"column":22},"end":{"line":11,"column":63}}},"fnMap":{"0":{"name":"(anonymous_0)","decl":{"start":{"line":8,"column":26},"end":{"line":8,"column":27}},"loc":{"start":{"line":8,"column":32},"end":{"line":12,"column":1}},"line":8},"1":{"name":"(anonymous_1)","decl":{"start":{"line":11,"column":16},"end":{"line":11,"column":17}},"loc":{"start":{"line":11,"column":22},"end":{"line":11,"column":63}},"line":11}},"branchMap":{},"s":{"0":4,"1":34,"2":34,"3":13},"f":{"0":34,"1":13},"b":{},"_coverageSchema":"1a1c01bbd47fc00a2c39e90264f33305004495a9","hash":"85e51fed6ff5ae617f0b3ab1c00b4e41872245ba"}
,"D:\\frontend\\Hiring\\Youtube\\src\\hooks\\useDebounce.ts": {"path":"D:\\frontend\\Hiring\\Youtube\\src\\hooks\\useDebounce.ts","statementMap":{"0":{"start":{"line":3,"column":27},"end":{"line":14,"column":1}},"1":{"start":{"line":4,"column":45},"end":{"line":4,"column":63}},"2":{"start":{"line":6,"column":1},"end":{"line":11,"column":19}},"3":{"start":{"line":7,"column":18},"end":{"line":9,"column":11}},"4":{"start":{"line":8,"column":3},"end":{"line":8,"column":27}},"5":{"start":{"line":10,"column":2},"end":{"line":10,"column":36}},"6":{"start":{"line":10,"column":15},"end":{"line":10,"column":36}},"7":{"start":{"line":13,"column":1},"end":{"line":13,"column":22}}},"fnMap":{"0":{"name":"(anonymous_0)","decl":{"start":{"line":3,"column":27},"end":{"line":3,"column":28}},"loc":{"start":{"line":3,"column":57},"end":{"line":14,"column":1}},"line":3},"1":{"name":"(anonymous_1)","decl":{"start":{"line":6,"column":11},"end":{"line":6,"column":12}},"loc":{"start":{"line":6,"column":17},"end":{"line":11,"column":2}},"line":6},"2":{"name":"(anonymous_2)","decl":{"start":{"line":7,"column":29},"end":{"line":7,"column":30}},"loc":{"start":{"line":7,"column":35},"end":{"line":9,"column":3}},"line":7},"3":{"name":"(anonymous_3)","decl":{"start":{"line":10,"column":9},"end":{"line":10,"column":10}},"loc":{"start":{"line":10,"column":15},"end":{"line":10,"column":36}},"line":10}},"branchMap":{"0":{"loc":{"start":{"line":3,"column":41},"end":{"line":3,"column":52}},"type":"default-arg","locations":[{"start":{"line":3,"column":49},"end":{"line":3,"column":52}}],"line":3}},"s":{"0":2,"1":26,"2":26,"3":10,"4":0,"5":10,"6":10,"7":26},"f":{"0":26,"1":10,"2":0,"3":10},"b":{"0":[26]},"_coverageSchema":"1a1c01bbd47fc00a2c39e90264f33305004495a9","hash":"5eec2983b41cf886e39ed8bfacae2dd0b6c50f49"}
,"D:\\frontend\\Hiring\\Youtube\\src\\hooks\\useOnClickOutside.ts": {"path":"D:\\frontend\\Hiring\\Youtube\\src\\hooks\\useOnClickOutside.ts","statementMap":{"0":{"start":{"line":9,"column":1},"end":{"line":30,"column":19}},"1":{"start":{"line":10,"column":19},"end":{"line":19,"column":3}},"2":{"start":{"line":11,"column":14},"end":{"line":11,"column":26}},"3":{"start":{"line":14,"column":3},"end":{"line":16,"column":4}},"4":{"start":{"line":15,"column":4},"end":{"line":15,"column":10}},"5":{"start":{"line":18,"column":3},"end":{"line":18,"column":17}},"6":{"start":{"line":21,"column":2},"end":{"line":21,"column":50}},"7":{"start":{"line":22,"column":2},"end":{"line":22,"column":51}},"8":{"start":{"line":24,"column":2},"end":{"line":27,"column":3}},"9":{"start":{"line":25,"column":3},"end":{"line":25,"column":54}},"10":{"start":{"line":26,"column":3},"end":{"line":26,"column":55}}},"fnMap":{"0":{"name":"useOnClickOutside","decl":{"start":{"line":5,"column":9},"end":{"line":5,"column":26}},"loc":{"start":{"line":8,"column":8},"end":{"line":31,"column":1}},"line":8},"1":{"name":"(anonymous_1)","decl":{"start":{"line":9,"column":11},"end":{"line":9,"column":12}},"loc":{"start":{"line":9,"column":17},"end":{"line":30,"column":2}},"line":9},"2":{"name":"(anonymous_2)","decl":{"start":{"line":10,"column":19},"end":{"line":10,"column":20}},"loc":{"start":{"line":10,"column":40},"end":{"line":19,"column":3}},"line":10},"3":{"name":"(anonymous_3)","decl":{"start":{"line":24,"column":9},"end":{"line":24,"column":10}},"loc":{"start":{"line":24,"column":15},"end":{"line":27,"column":3}},"line":24}},"branchMap":{"0":{"loc":{"start":{"line":14,"column":3},"end":{"line":16,"column":4}},"type":"if","locations":[{"start":{"line":14,"column":3},"end":{"line":16,"column":4}},{"start":{},"end":{}}],"line":14},"1":{"loc":{"start":{"line":14,"column":7},"end":{"line":14,"column":47}},"type":"binary-expr","locations":[{"start":{"line":14,"column":7},"end":{"line":14,"column":10}},{"start":{"line":14,"column":14},"end":{"line":14,"column":47}}],"line":14}},"s":{"0":26,"1":24,"2":0,"3":0,"4":0,"5":0,"6":24,"7":24,"8":24,"9":24,"10":24},"f":{"0":26,"1":24,"2":0,"3":24},"b":{"0":[0,0],"1":[0,0]},"_coverageSchema":"1a1c01bbd47fc00a2c39e90264f33305004495a9","hash":"305e1a615b773123fa04b2e8bc76e089bc592140"}
,"D:\\frontend\\Hiring\\Youtube\\src\\hooks\\useScrollLock.ts": {"path":"D:\\frontend\\Hiring\\Youtube\\src\\hooks\\useScrollLock.ts","statementMap":{"0":{"start":{"line":3,"column":29},"end":{"line":15,"column":1}},"1":{"start":{"line":4,"column":20},"end":{"line":7,"column":7}},"2":{"start":{"line":5,"column":2},"end":{"line":5,"column":41}},"3":{"start":{"line":6,"column":2},"end":{"line":6,"column":42}},"4":{"start":{"line":9,"column":22},"end":{"line":12,"column":7}},"5":{"start":{"line":10,"column":2},"end":{"line":10,"column":40}},"6":{"start":{"line":11,"column":2},"end":{"line":11,"column":43}},"7":{"start":{"line":14,"column":1},"end":{"line":14,"column":34}}},"fnMap":{"0":{"name":"(anonymous_0)","decl":{"start":{"line":3,"column":29},"end":{"line":3,"column":30}},"loc":{"start":{"line":3,"column":35},"end":{"line":15,"column":1}},"line":3},"1":{"name":"(anonymous_1)","decl":{"start":{"line":4,"column":38},"end":{"line":4,"column":39}},"loc":{"start":{"line":4,"column":44},"end":{"line":7,"column":2}},"line":4},"2":{"name":"(anonymous_2)","decl":{"start":{"line":9,"column":40},"end":{"line":9,"column":41}},"loc":{"start":{"line":9,"column":46},"end":{"line":12,"column":2}},"line":9}},"branchMap":{},"s":{"0":3,"1":5,"2":4,"3":4,"4":5,"5":5,"6":5,"7":5},"f":{"0":5,"1":4,"2":5},"b":{},"_coverageSchema":"1a1c01bbd47fc00a2c39e90264f33305004495a9","hash":"2ff069c6b6e467ca5de529308ff33c77ad8f26af"}
,"D:\\frontend\\Hiring\\Youtube\\src\\hooks\\useTypedSelector.ts": {"path":"D:\\frontend\\Hiring\\Youtube\\src\\hooks\\useTypedSelector.ts","statementMap":{"0":{"start":{"line":4,"column":65},"end":{"line":4,"column":76}}},"fnMap":{},"branchMap":{},"s":{"0":3},"f":{},"b":{},"_coverageSchema":"1a1c01bbd47fc00a2c39e90264f33305004495a9","hash":"c70a9f328657d64fe0bc28b3853242b9e065f696"}
,"D:\\frontend\\Hiring\\Youtube\\src\\store\\api.ts": {"path":"D:\\frontend\\Hiring\\Youtube\\src\\store\\api.ts","statementMap":{"0":{"start":{"line":4,"column":24},"end":{"line":58,"column":2}},"1":{"start":{"line":7,"column":26},"end":{"line":57,"column":2}},"2":{"start":{"line":10,"column":48},"end":{"line":26,"column":5}},"3":{"start":{"line":28,"column":5},"end":{"line":28,"column":34}},"4":{"start":{"line":31,"column":5},"end":{"line":38,"column":27}},"5":{"start":{"line":32,"column":6},"end":{"line":36,"column":8}},"6":{"start":{"line":33,"column":7},"end":{"line":35,"column":8}},"7":{"start":{"line":33,"column":47},"end":{"line":33,"column":87}},"8":{"start":{"line":34,"column":8},"end":{"line":34,"column":41}},"9":{"start":{"line":37,"column":6},"end":{"line":37,"column":57}},"10":{"start":{"line":38,"column":12},"end":{"line":38,"column":27}},"11":{"start":{"line":41,"column":5},"end":{"line":41,"column":60}},"12":{"start":{"line":46,"column":22},"end":{"line":55,"column":4}},"13":{"start":{"line":60,"column":66},"end":{"line":60,"column":74}}},"fnMap":{"0":{"name":"(anonymous_0)","decl":{"start":{"line":7,"column":12},"end":{"line":7,"column":13}},"loc":{"start":{"line":7,"column":26},"end":{"line":57,"column":2}},"line":7},"1":{"name":"(anonymous_1)","decl":{"start":{"line":10,"column":11},"end":{"line":10,"column":12}},"loc":{"start":{"line":10,"column":48},"end":{"line":26,"column":5}},"line":10},"2":{"name":"(anonymous_2)","decl":{"start":{"line":27,"column":24},"end":{"line":27,"column":25}},"loc":{"start":{"line":27,"column":64},"end":{"line":29,"column":5}},"line":27},"3":{"name":"(anonymous_3)","decl":{"start":{"line":30,"column":11},"end":{"line":30,"column":12}},"loc":{"start":{"line":30,"column":39},"end":{"line":39,"column":5}},"line":30},"4":{"name":"(anonymous_4)","decl":{"start":{"line":32,"column":29},"end":{"line":32,"column":30}},"loc":{"start":{"line":32,"column":43},"end":{"line":36,"column":7}},"line":32},"5":{"name":"(anonymous_5)","decl":{"start":{"line":33,"column":36},"end":{"line":33,"column":37}},"loc":{"start":{"line":33,"column":47},"end":{"line":33,"column":87}},"line":33},"6":{"name":"(anonymous_6)","decl":{"start":{"line":40,"column":4},"end":{"line":40,"column":5}},"loc":{"start":{"line":40,"column":46},"end":{"line":42,"column":5}},"line":40},"7":{"name":"(anonymous_7)","decl":{"start":{"line":46,"column":10},"end":{"line":46,"column":11}},"loc":{"start":{"line":46,"column":22},"end":{"line":55,"column":4}},"line":46}},"branchMap":{"0":{"loc":{"start":{"line":16,"column":9},"end":{"line":16,"column":20}},"type":"binary-expr","locations":[{"start":{"line":16,"column":9},"end":{"line":16,"column":14}},{"start":{"line":16,"column":18},"end":{"line":16,"column":20}}],"line":16},"1":{"loc":{"start":{"line":21,"column":17},"end":{"line":21,"column":32}},"type":"binary-expr","locations":[{"start":{"line":21,"column":17},"end":{"line":21,"column":26}},{"start":{"line":21,"column":30},"end":{"line":21,"column":32}}],"line":21},"2":{"loc":{"start":{"line":23,"column":23},"end":{"line":23,"column":39}},"type":"binary-expr","locations":[{"start":{"line":23,"column":23},"end":{"line":23,"column":31}},{"start":{"line":23,"column":35},"end":{"line":23,"column":39}}],"line":23},"3":{"loc":{"start":{"line":31,"column":5},"end":{"line":38,"column":27}},"type":"if","locations":[{"start":{"line":31,"column":5},"end":{"line":38,"column":27}},{"start":{"line":38,"column":12},"end":{"line":38,"column":27}}],"line":31},"4":{"loc":{"start":{"line":33,"column":7},"end":{"line":35,"column":8}},"type":"if","locations":[{"start":{"line":33,"column":7},"end":{"line":35,"column":8}},{"start":{},"end":{}}],"line":33},"5":{"loc":{"start":{"line":53,"column":12},"end":{"line":53,"column":23}},"type":"binary-expr","locations":[{"start":{"line":53,"column":12},"end":{"line":53,"column":17}},{"start":{"line":53,"column":21},"end":{"line":53,"column":23}}],"line":53}},"s":{"0":11,"1":11,"2":7,"3":43,"4":1,"5":0,"6":0,"7":0,"8":0,"9":0,"10":1,"11":7,"12":7,"13":11},"f":{"0":11,"1":7,"2":43,"3":1,"4":0,"5":0,"6":7,"7":7},"b":{"0":[7,7],"1":[7,6],"2":[7,7],"3":[0,1],"4":[0,0],"5":[7,7]},"_coverageSchema":"1a1c01bbd47fc00a2c39e90264f33305004495a9","hash":"048c955f99b515b396585843a4c0a1a913069096"}
,"D:\\frontend\\Hiring\\Youtube\\src\\store\\filterSlice.ts": {"path":"D:\\frontend\\Hiring\\Youtube\\src\\store\\filterSlice.ts","statementMap":{"0":{"start":{"line":8,"column":36},"end":{"line":11,"column":1}},"1":{"start":{"line":13,"column":20},"end":{"line":24,"column":2}},"2":{"start":{"line":18,"column":3},"end":{"line":18,"column":31}},"3":{"start":{"line":21,"column":3},"end":{"line":21,"column":34}}},"fnMap":{"0":{"name":"(anonymous_0)","decl":{"start":{"line":17,"column":12},"end":{"line":17,"column":13}},"loc":{"start":{"line":17,"column":31},"end":{"line":19,"column":3}},"line":17},"1":{"name":"(anonymous_1)","decl":{"start":{"line":20,"column":15},"end":{"line":20,"column":16}},"loc":{"start":{"line":20,"column":34},"end":{"line":22,"column":3}},"line":20}},"branchMap":{},"s":{"0":11,"1":11,"2":3,"3":1},"f":{"0":3,"1":1},"b":{},"_coverageSchema":"1a1c01bbd47fc00a2c39e90264f33305004495a9","hash":"fbfc3a909bbe0df4f4e13b46acf63f3dc3d70c8f"}
,"D:\\frontend\\Hiring\\Youtube\\src\\store\\rootActions.ts": {"path":"D:\\frontend\\Hiring\\Youtube\\src\\store\\rootActions.ts","statementMap":{"0":{"start":{"line":4,"column":20},"end":{"line":7,"column":1}}},"fnMap":{},"branchMap":{},"s":{"0":4},"f":{},"b":{},"_coverageSchema":"1a1c01bbd47fc00a2c39e90264f33305004495a9","hash":"223e4c7667573c1dc8a5f71e48aec809cdd6ac2c"}
,"D:\\frontend\\Hiring\\Youtube\\src\\store\\store.ts": {"path":"D:\\frontend\\Hiring\\Youtube\\src\\store\\store.ts","statementMap":{"0":{"start":{"line":17,"column":22},"end":{"line":21,"column":1}},"1":{"start":{"line":23,"column":30},"end":{"line":23,"column":79}},"2":{"start":{"line":25,"column":20},"end":{"line":29,"column":2}},"3":{"start":{"line":31,"column":21},"end":{"line":42,"column":2}},"4":{"start":{"line":38,"column":2},"end":{"line":41,"column":32}},"5":{"start":{"line":44,"column":25},"end":{"line":44,"column":44}},"6":{"start":{"line":50,"column":1},"end":{"line":57,"column":3}},"7":{"start":{"line":53,"column":3},"end":{"line":56,"column":33}}},"fnMap":{"0":{"name":"(anonymous_0)","decl":{"start":{"line":37,"column":13},"end":{"line":37,"column":14}},"loc":{"start":{"line":38,"column":2},"end":{"line":41,"column":32}},"line":38},"1":{"name":"setupStore","decl":{"start":{"line":49,"column":16},"end":{"line":49,"column":26}},"loc":{"start":{"line":49,"column":29},"end":{"line":58,"column":1}},"line":49},"2":{"name":"(anonymous_2)","decl":{"start":{"line":52,"column":14},"end":{"line":52,"column":15}},"loc":{"start":{"line":53,"column":3},"end":{"line":56,"column":33}},"line":53}},"branchMap":{},"s":{"0":11,"1":11,"2":11,"3":11,"4":11,"5":11,"6":27,"7":27},"f":{"0":11,"1":27,"2":27},"b":{},"_coverageSchema":"1a1c01bbd47fc00a2c39e90264f33305004495a9","hash":"0ecd1fd355af739a014ac593b86ce199cb9a70f5"}
,"D:\\frontend\\Hiring\\Youtube\\src\\store\\themeSlice.ts": {"path":"D:\\frontend\\Hiring\\Youtube\\src\\store\\themeSlice.ts","statementMap":{"0":{"start":{"line":12,"column":36},"end":{"line":14,"column":1}},"1":{"start":{"line":16,"column":19},"end":{"line":24,"column":2}},"2":{"start":{"line":21,"column":3},"end":{"line":21,"column":31}}},"fnMap":{"0":{"name":"(anonymous_0)","decl":{"start":{"line":20,"column":12},"end":{"line":20,"column":13}},"loc":{"start":{"line":20,"column":31},"end":{"line":22,"column":3}},"line":20}},"branchMap":{},"s":{"0":11,"1":11,"2":2},"f":{"0":2},"b":{},"_coverageSchema":"1a1c01bbd47fc00a2c39e90264f33305004495a9","hash":"a22209945513315da63a862c646fc6ebf69bcb9b"}
,"D:\\frontend\\Hiring\\Youtube\\src\\utils\\interfaces.ts": {"path":"D:\\frontend\\Hiring\\Youtube\\src\\utils\\interfaces.ts","statementMap":{},"fnMap":{},"branchMap":{},"s":{},"f":{},"b":{}}
,"D:\\frontend\\Hiring\\Youtube\\src\\utils\\mockValues.ts": {"path":"D:\\frontend\\Hiring\\Youtube\\src\\utils\\mockValues.ts","statementMap":{"0":{"start":{"line":1,"column":39},"end":{"line":30,"column":1}}},"fnMap":{},"branchMap":{},"s":{"0":2},"f":{},"b":{},"_coverageSchema":"1a1c01bbd47fc00a2c39e90264f33305004495a9","hash":"6e63b7d46395d8ddde942271c9b31d4d23d83ff9"}
,"D:\\frontend\\Hiring\\Youtube\\src\\utils\\testWrapper.tsx": {"path":"D:\\frontend\\Hiring\\Youtube\\src\\utils\\testWrapper.tsx","statementMap":{"0":{"start":{"line":23,"column":2},"end":{"line":27,"column":3}},"1":{"start":{"line":29,"column":1},"end":{"line":29,"column":72}}},"fnMap":{"0":{"name":"renderWithProviders","decl":{"start":{"line":13,"column":16},"end":{"line":13,"column":35}},"loc":{"start":{"line":21,"column":2},"end":{"line":30,"column":1}},"line":21},"1":{"name":"Wrapper","decl":{"start":{"line":22,"column":10},"end":{"line":22,"column":17}},"loc":{"start":{"line":22,"column":68},"end":{"line":28,"column":2}},"line":22}},"branchMap":{"0":{"loc":{"start":{"line":15,"column":1},"end":{"line":20,"column":30}},"type":"default-arg","locations":[{"start":{"line":20,"column":28},"end":{"line":20,"column":30}}],"line":15},"1":{"loc":{"start":{"line":16,"column":2},"end":{"line":16,"column":21}},"type":"default-arg","locations":[{"start":{"line":16,"column":19},"end":{"line":16,"column":21}}],"line":16},"2":{"loc":{"start":{"line":18,"column":2},"end":{"line":18,"column":36}},"type":"default-arg","locations":[{"start":{"line":18,"column":10},"end":{"line":18,"column":36}}],"line":18}},"s":{"0":27,"1":27},"f":{"0":27,"1":27},"b":{"0":[27],"1":[27],"2":[27]},"_coverageSchema":"1a1c01bbd47fc00a2c39e90264f33305004495a9","hash":"c1f94b277e135af388a8a2a296f605f65620e4df"}
}
