{"D:\\frontend\\Hiring\\Youtube\\src\\App.tsx": {"path":"D:\\frontend\\Hiring\\Youtube\\src\\App.tsx","statementMap":{"0":{"start":{"line":10,"column":22},"end":{"line":33,"column":1}},"1":{"start":{"line":11,"column":19},"end":{"line":11,"column":59}},"2":{"start":{"line":11,"column":47},"end":{"line":11,"column":58}},"3":{"start":{"line":13,"column":1},"end":{"line":32,"column":2}}},"fnMap":{"0":{"name":"(anonymous_0)","decl":{"start":{"line":10,"column":22},"end":{"line":10,"column":23}},"loc":{"start":{"line":10,"column":41},"end":{"line":33,"column":1}},"line":10},"1":{"name":"(anonymous_1)","decl":{"start":{"line":11,"column":36},"end":{"line":11,"column":37}},"loc":{"start":{"line":11,"column":47},"end":{"line":11,"column":58}},"line":11}},"branchMap":{},"s":{"0":0,"1":0,"2":0,"3":0},"f":{"0":0,"1":0},"b":{}}
,"D:\\frontend\\Hiring\\Youtube\\src\\global.styles.ts": {"path":"D:\\frontend\\Hiring\\Youtube\\src\\global.styles.ts","statementMap":{"0":{"start":{"line":7,"column":13},"end":{"line":14,"column":1}},"1":{"start":{"line":16,"column":22},"end":{"line":23,"column":1}},"2":{"start":{"line":25,"column":28},"end":{"line":108,"column":1}},"3":{"start":{"line":75,"column":33},"end":{"line":75,"column":52}},"4":{"start":{"line":94,"column":38},"end":{"line":94,"column":61}},"5":{"start":{"line":95,"column":27},"end":{"line":95,"column":44}},"6":{"start":{"line":109,"column":29},"end":{"line":139,"column":1}},"7":{"start":{"line":127,"column":44},"end":{"line":127,"column":64}},"8":{"start":{"line":141,"column":21},"end":{"line":153,"column":1}},"9":{"start":{"line":155,"column":20},"end":{"line":166,"column":1}}},"fnMap":{"0":{"name":"(anonymous_0)","decl":{"start":{"line":75,"column":22},"end":{"line":75,"column":23}},"loc":{"start":{"line":75,"column":33},"end":{"line":75,"column":52}},"line":75},"1":{"name":"(anonymous_1)","decl":{"start":{"line":94,"column":23},"end":{"line":94,"column":24}},"loc":{"start":{"line":94,"column":38},"end":{"line":94,"column":61}},"line":94},"2":{"name":"(anonymous_2)","decl":{"start":{"line":95,"column":12},"end":{"line":95,"column":13}},"loc":{"start":{"line":95,"column":27},"end":{"line":95,"column":44}},"line":95},"3":{"name":"(anonymous_3)","decl":{"start":{"line":127,"column":29},"end":{"line":127,"column":30}},"loc":{"start":{"line":127,"column":44},"end":{"line":127,"column":64}},"line":127}},"branchMap":{},"s":{"0":12,"1":12,"2":12,"3":0,"4":0,"5":0,"6":12,"7":0,"8":12,"9":12},"f":{"0":0,"1":0,"2":0,"3":0},"b":{},"_coverageSchema":"1a1c01bbd47fc00a2c39e90264f33305004495a9","hash":"06398b14359d97dd499e9834eec7e3819afae73f"}
,"D:\\frontend\\Hiring\\Youtube\\src\\index.tsx": {"path":"D:\\frontend\\Hiring\\Youtube\\src\\index.tsx","statementMap":{"0":{"start":{"line":7,"column":0},"end":{"line":13,"column":1}}},"fnMap":{},"branchMap":{},"s":{"0":0},"f":{},"b":{}}
,"D:\\frontend\\Hiring\\Youtube\\src\\assets\\fonts\\fonts.d.ts": {"path":"D:\\frontend\\Hiring\\Youtube\\src\\assets\\fonts\\fonts.d.ts","statementMap":{},"fnMap":{},"branchMap":{},"s":{},"f":{},"b":{}}
,"D:\\frontend\\Hiring\\Youtube\\src\\components\\Buttons\\BurgerButton\\index.tsx": {"path":"D:\\frontend\\Hiring\\Youtube\\src\\components\\Buttons\\BurgerButton\\index.tsx","statementMap":{"0":{"start":{"line":8,"column":46},"end":{"line":22,"column":1}},"1":{"start":{"line":12,"column":1},"end":{"line":21,"column":2}},"2":{"start":{"line":16,"column":20},"end":{"line":16,"column":31}}},"fnMap":{"0":{"name":"(anonymous_0)","decl":{"start":{"line":8,"column":46},"end":{"line":8,"column":47}},"loc":{"start":{"line":11,"column":34},"end":{"line":22,"column":1}},"line":11},"1":{"name":"(anonymous_1)","decl":{"start":{"line":16,"column":14},"end":{"line":16,"column":15}},"loc":{"start":{"line":16,"column":20},"end":{"line":16,"column":31}},"line":16}},"branchMap":{},"s":{"0":1,"1":1,"2":0},"f":{"0":1,"1":0},"b":{},"_coverageSchema":"1a1c01bbd47fc00a2c39e90264f33305004495a9","hash":"483e0dc75cb243d73f46a424a4328076182cb19c"}
,"D:\\frontend\\Hiring\\Youtube\\src\\components\\Buttons\\BurgerButton\\styled.ts": {"path":"D:\\frontend\\Hiring\\Youtube\\src\\components\\Buttons\\BurgerButton\\styled.ts","statementMap":{"0":{"start":{"line":4,"column":31},"end":{"line":13,"column":1}},"1":{"start":{"line":15,"column":33},"end":{"line":37,"column":1}},"2":{"start":{"line":39,"column":33},"end":{"line":75,"column":1}}},"fnMap":{},"branchMap":{},"s":{"0":1,"1":1,"2":1},"f":{},"b":{},"_coverageSchema":"1a1c01bbd47fc00a2c39e90264f33305004495a9","hash":"08677c32b4af9812adf88048c01a9c4300a3dc85"}
,"D:\\frontend\\Hiring\\Youtube\\src\\components\\Buttons\\Button\\index.tsx": {"path":"D:\\frontend\\Hiring\\Youtube\\src\\components\\Buttons\\Button\\index.tsx","statementMap":{"0":{"start":{"line":8,"column":34},"end":{"line":10,"column":1}},"1":{"start":{"line":9,"column":1},"end":{"line":9,"column":63}},"2":{"start":{"line":9,"column":34},"end":{"line":9,"column":43}}},"fnMap":{"0":{"name":"(anonymous_0)","decl":{"start":{"line":8,"column":34},"end":{"line":8,"column":35}},"loc":{"start":{"line":8,"column":79},"end":{"line":10,"column":1}},"line":8},"1":{"name":"(anonymous_1)","decl":{"start":{"line":9,"column":28},"end":{"line":9,"column":29}},"loc":{"start":{"line":9,"column":34},"end":{"line":9,"column":43}},"line":9}},"branchMap":{},"s":{"0":2,"1":12,"2":2},"f":{"0":12,"1":2},"b":{},"_coverageSchema":"1a1c01bbd47fc00a2c39e90264f33305004495a9","hash":"c9ce62327657e2c64af7b11484f8168e627c7529"}
,"D:\\frontend\\Hiring\\Youtube\\src\\components\\Buttons\\Button\\styled.ts": {"path":"D:\\frontend\\Hiring\\Youtube\\src\\components\\Buttons\\Button\\styled.ts","statementMap":{"0":{"start":{"line":4,"column":25},"end":{"line":33,"column":1}}},"fnMap":{},"branchMap":{},"s":{"0":2},"f":{},"b":{},"_coverageSchema":"1a1c01bbd47fc00a2c39e90264f33305004495a9","hash":"5a9f088ef8c6627ea42cede3e066159cbebe76c1"}
,"D:\\frontend\\Hiring\\Youtube\\src\\components\\CategoryBar\\index.tsx": {"path":"D:\\frontend\\Hiring\\Youtube\\src\\components\\CategoryBar\\index.tsx","statementMap":{"0":{"start":{"line":8,"column":30},"end":{"line":36,"column":1}},"1":{"start":{"line":9,"column":25},"end":{"line":9,"column":37}},"2":{"start":{"line":10,"column":39},"end":{"line":10,"column":78}},"3":{"start":{"line":12,"column":21},"end":{"line":16,"column":2}},"4":{"start":{"line":13,"column":16},"end":{"line":13,"column":53}},"5":{"start":{"line":14,"column":2},"end":{"line":14,"column":23}},"6":{"start":{"line":15,"column":2},"end":{"line":15,"column":20}},"7":{"start":{"line":18,"column":1},"end":{"line":35,"column":2}},"8":{"start":{"line":22,"column":5},"end":{"line":31,"column":6}}},"fnMap":{"0":{"name":"(anonymous_0)","decl":{"start":{"line":8,"column":30},"end":{"line":8,"column":31}},"loc":{"start":{"line":8,"column":49},"end":{"line":36,"column":1}},"line":8},"1":{"name":"(anonymous_1)","decl":{"start":{"line":12,"column":21},"end":{"line":12,"column":22}},"loc":{"start":{"line":12,"column":65},"end":{"line":16,"column":2}},"line":12},"2":{"name":"(anonymous_2)","decl":{"start":{"line":21,"column":33},"end":{"line":21,"column":34}},"loc":{"start":{"line":21,"column":47},"end":{"line":32,"column":5}},"line":21}},"branchMap":{},"s":{"0":2,"1":3,"2":3,"3":3,"4":1,"5":1,"6":1,"7":3,"8":18},"f":{"0":3,"1":1,"2":18},"b":{},"_coverageSchema":"1a1c01bbd47fc00a2c39e90264f33305004495a9","hash":"ff991e29776e224e51f310242b4c87771ba7b208"}
,"D:\\frontend\\Hiring\\Youtube\\src\\components\\CategoryBar\\styled.ts": {"path":"D:\\frontend\\Hiring\\Youtube\\src\\components\\CategoryBar\\styled.ts","statementMap":{"0":{"start":{"line":4,"column":33},"end":{"line":7,"column":1}},"1":{"start":{"line":9,"column":25},"end":{"line":29,"column":1}},"2":{"start":{"line":19,"column":2},"end":{"line":19,"column":58}},"3":{"start":{"line":20,"column":37},"end":{"line":20,"column":92}},"4":{"start":{"line":31,"column":34},"end":{"line":43,"column":1}}},"fnMap":{"0":{"name":"(anonymous_0)","decl":{"start":{"line":18,"column":21},"end":{"line":18,"column":22}},"loc":{"start":{"line":19,"column":2},"end":{"line":19,"column":58}},"line":19},"1":{"name":"(anonymous_1)","decl":{"start":{"line":20,"column":10},"end":{"line":20,"column":11}},"loc":{"start":{"line":20,"column":37},"end":{"line":20,"column":92}},"line":20}},"branchMap":{"0":{"loc":{"start":{"line":19,"column":2},"end":{"line":19,"column":58}},"type":"cond-expr","locations":[{"start":{"line":19,"column":14},"end":{"line":19,"column":33}},{"start":{"line":19,"column":36},"end":{"line":19,"column":58}}],"line":19},"1":{"loc":{"start":{"line":20,"column":37},"end":{"line":20,"column":92}},"type":"cond-expr","locations":[{"start":{"line":20,"column":49},"end":{"line":20,"column":72}},{"start":{"line":20,"column":75},"end":{"line":20,"column":92}}],"line":20}},"s":{"0":2,"1":2,"2":18,"3":18,"4":2},"f":{"0":18,"1":18},"b":{"0":[3,15],"1":[3,15]},"_coverageSchema":"1a1c01bbd47fc00a2c39e90264f33305004495a9","hash":"dc98f271ff9f0f30692e50aa092d798825a57d2c"}
,"D:\\frontend\\Hiring\\Youtube\\src\\components\\ErrorBoundary\\ErrorBoundary.tsx": {"path":"D:\\frontend\\Hiring\\Youtube\\src\\components\\ErrorBoundary\\ErrorBoundary.tsx","statementMap":{"0":{"start":{"line":14,"column":2},"end":{"line":14,"column":14}},"1":{"start":{"line":15,"column":2},"end":{"line":15,"column":34}},"2":{"start":{"line":19,"column":2},"end":{"line":19,"column":30}},"3":{"start":{"line":20,"column":2},"end":{"line":20,"column":27}},"4":{"start":{"line":24,"column":2},"end":{"line":24,"column":30}},"5":{"start":{"line":25,"column":2},"end":{"line":25,"column":27}},"6":{"start":{"line":29,"column":2},"end":{"line":31,"column":3}},"7":{"start":{"line":30,"column":3},"end":{"line":30,"column":29}},"8":{"start":{"line":33,"column":2},"end":{"line":33,"column":28}}},"fnMap":{"0":{"name":"(anonymous_0)","decl":{"start":{"line":13,"column":1},"end":{"line":13,"column":2}},"loc":{"start":{"line":13,"column":28},"end":{"line":16,"column":2}},"line":13},"1":{"name":"(anonymous_1)","decl":{"start":{"line":18,"column":1},"end":{"line":18,"column":2}},"loc":{"start":{"line":18,"column":35},"end":{"line":21,"column":2}},"line":18},"2":{"name":"(anonymous_2)","decl":{"start":{"line":23,"column":1},"end":{"line":23,"column":2}},"loc":{"start":{"line":23,"column":28},"end":{"line":26,"column":2}},"line":23},"3":{"name":"(anonymous_3)","decl":{"start":{"line":28,"column":1},"end":{"line":28,"column":2}},"loc":{"start":{"line":28,"column":10},"end":{"line":34,"column":2}},"line":28}},"branchMap":{"0":{"loc":{"start":{"line":29,"column":2},"end":{"line":31,"column":3}},"type":"if","locations":[{"start":{"line":29,"column":2},"end":{"line":31,"column":3}},{"start":{},"end":{}}],"line":29}},"s":{"0":12,"1":12,"2":4,"3":4,"4":0,"5":0,"6":33,"7":4,"8":29},"f":{"0":12,"1":4,"2":0,"3":33},"b":{"0":[4,29]},"_coverageSchema":"1a1c01bbd47fc00a2c39e90264f33305004495a9","hash":"c965cb94684aaf98905bce3ec2a128d1754b5fec"}
,"D:\\frontend\\Hiring\\Youtube\\src\\components\\FilmCard\\index.tsx": {"path":"D:\\frontend\\Hiring\\Youtube\\src\\components\\FilmCard\\index.tsx","statementMap":{"0":{"start":{"line":21,"column":38},"end":{"line":57,"column":1}},"1":{"start":{"line":28,"column":1},"end":{"line":56,"column":2}}},"fnMap":{"0":{"name":"(anonymous_0)","decl":{"start":{"line":21,"column":38},"end":{"line":21,"column":39}},"loc":{"start":{"line":27,"column":30},"end":{"line":57,"column":1}},"line":27}},"branchMap":{"0":{"loc":{"start":{"line":33,"column":6},"end":{"line":35,"column":135}},"type":"cond-expr","locations":[{"start":{"line":34,"column":9},"end":{"line":34,"column":14}},{"start":{"line":35,"column":9},"end":{"line":35,"column":135}}],"line":33}},"s":{"0":2,"1":14},"f":{"0":14},"b":{"0":[13,1]},"_coverageSchema":"1a1c01bbd47fc00a2c39e90264f33305004495a9","hash":"adbabdfac772b71692b81829d212586057d06883"}
,"D:\\frontend\\Hiring\\Youtube\\src\\components\\FilmCard\\styled.ts": {"path":"D:\\frontend\\Hiring\\Youtube\\src\\components\\FilmCard\\styled.ts","statementMap":{"0":{"start":{"line":4,"column":30},"end":{"line":17,"column":1}},"1":{"start":{"line":19,"column":34},"end":{"line":35,"column":1}},"2":{"start":{"line":37,"column":42},"end":{"line":54,"column":1}},"3":{"start":{"line":44,"column":36},"end":{"line":44,"column":58}},"4":{"start":{"line":56,"column":34},"end":{"line":65,"column":1}},"5":{"start":{"line":60,"column":25},"end":{"line":60,"column":42}},"6":{"start":{"line":67,"column":30},"end":{"line":74,"column":1}},"7":{"start":{"line":76,"column":31},"end":{"line":83,"column":1}},"8":{"start":{"line":82,"column":36},"end":{"line":82,"column":53}},"9":{"start":{"line":85,"column":31},"end":{"line":98,"column":1}}},"fnMap":{"0":{"name":"(anonymous_0)","decl":{"start":{"line":44,"column":21},"end":{"line":44,"column":22}},"loc":{"start":{"line":44,"column":36},"end":{"line":44,"column":58}},"line":44},"1":{"name":"(anonymous_1)","decl":{"start":{"line":60,"column":10},"end":{"line":60,"column":11}},"loc":{"start":{"line":60,"column":25},"end":{"line":60,"column":42}},"line":60},"2":{"name":"(anonymous_2)","decl":{"start":{"line":82,"column":21},"end":{"line":82,"column":22}},"loc":{"start":{"line":82,"column":36},"end":{"line":82,"column":53}},"line":82}},"branchMap":{},"s":{"0":2,"1":2,"2":2,"3":14,"4":2,"5":14,"6":2,"7":2,"8":14,"9":2},"f":{"0":14,"1":14,"2":14},"b":{},"_coverageSchema":"1a1c01bbd47fc00a2c39e90264f33305004495a9","hash":"6ae2d9b03eff7aef9b0f456809f2108915df4dbe"}
,"D:\\frontend\\Hiring\\Youtube\\src\\components\\FilmCards\\index.tsx": {"path":"D:\\frontend\\Hiring\\Youtube\\src\\components\\FilmCards\\index.tsx","statementMap":{"0":{"start":{"line":13,"column":28},"end":{"line":87,"column":1}},"1":{"start":{"line":14,"column":29},"end":{"line":14,"column":71}},"2":{"start":{"line":14,"column":57},"end":{"line":14,"column":70}},"3":{"start":{"line":16,"column":35},"end":{"line":16,"column":50}},"4":{"start":{"line":17,"column":41},"end":{"line":17,"column":53}},"5":{"start":{"line":19,"column":35},"end":{"line":19,"column":47}},"6":{"start":{"line":21,"column":29},"end":{"line":21,"column":78}},"7":{"start":{"line":23,"column":30},"end":{"line":27,"column":2}},"8":{"start":{"line":24,"column":2},"end":{"line":24,"column":20}},"9":{"start":{"line":25,"column":2},"end":{"line":25,"column":16}},"10":{"start":{"line":26,"column":2},"end":{"line":26,"column":23}},"11":{"start":{"line":29,"column":24},"end":{"line":31,"column":2}},"12":{"start":{"line":30,"column":2},"end":{"line":30,"column":42}},"13":{"start":{"line":33,"column":1},"end":{"line":43,"column":2}},"14":{"start":{"line":34,"column":2},"end":{"line":42,"column":3}},"15":{"start":{"line":45,"column":1},"end":{"line":51,"column":2}},"16":{"start":{"line":46,"column":2},"end":{"line":50,"column":3}},"17":{"start":{"line":53,"column":1},"end":{"line":86,"column":2}},"18":{"start":{"line":58,"column":6},"end":{"line":67,"column":7}},"19":{"start":{"line":65,"column":24},"end":{"line":65,"column":65}},"20":{"start":{"line":83,"column":68},"end":{"line":83,"column":83}}},"fnMap":{"0":{"name":"(anonymous_0)","decl":{"start":{"line":13,"column":28},"end":{"line":13,"column":29}},"loc":{"start":{"line":13,"column":47},"end":{"line":87,"column":1}},"line":13},"1":{"name":"(anonymous_1)","decl":{"start":{"line":14,"column":46},"end":{"line":14,"column":47}},"loc":{"start":{"line":14,"column":57},"end":{"line":14,"column":70}},"line":14},"2":{"name":"(anonymous_2)","decl":{"start":{"line":23,"column":30},"end":{"line":23,"column":31}},"loc":{"start":{"line":23,"column":88},"end":{"line":27,"column":2}},"line":23},"3":{"name":"(anonymous_3)","decl":{"start":{"line":29,"column":24},"end":{"line":29,"column":25}},"loc":{"start":{"line":29,"column":30},"end":{"line":31,"column":2}},"line":29},"4":{"name":"(anonymous_4)","decl":{"start":{"line":57,"column":20},"end":{"line":57,"column":21}},"loc":{"start":{"line":57,"column":31},"end":{"line":68,"column":6}},"line":57},"5":{"name":"(anonymous_5)","decl":{"start":{"line":65,"column":17},"end":{"line":65,"column":18}},"loc":{"start":{"line":65,"column":24},"end":{"line":65,"column":65}},"line":65},"6":{"name":"(anonymous_6)","decl":{"start":{"line":83,"column":62},"end":{"line":83,"column":63}},"loc":{"start":{"line":83,"column":68},"end":{"line":83,"column":83}},"line":83}},"branchMap":{"0":{"loc":{"start":{"line":30,"column":2},"end":{"line":30,"column":42}},"type":"binary-expr","locations":[{"start":{"line":30,"column":2},"end":{"line":30,"column":6}},{"start":{"line":30,"column":10},"end":{"line":30,"column":42}}],"line":30},"1":{"loc":{"start":{"line":33,"column":1},"end":{"line":43,"column":2}},"type":"if","locations":[{"start":{"line":33,"column":1},"end":{"line":43,"column":2}},{"start":{},"end":{}}],"line":33},"2":{"loc":{"start":{"line":45,"column":1},"end":{"line":51,"column":2}},"type":"if","locations":[{"start":{"line":45,"column":1},"end":{"line":51,"column":2}},{"start":{},"end":{}}],"line":45},"3":{"loc":{"start":{"line":45,"column":5},"end":{"line":45,"column":38}},"type":"binary-expr","locations":[{"start":{"line":45,"column":5},"end":{"line":45,"column":15}},{"start":{"line":45,"column":19},"end":{"line":45,"column":38}}],"line":45},"4":{"loc":{"start":{"line":56,"column":5},"end":{"line":68,"column":7}},"type":"binary-expr","locations":[{"start":{"line":56,"column":5},"end":{"line":56,"column":23}},{"start":{"line":57,"column":5},"end":{"line":68,"column":7}}],"line":56},"5":{"loc":{"start":{"line":70,"column":4},"end":{"line":74,"column":4}},"type":"binary-expr","locations":[{"start":{"line":70,"column":4},"end":{"line":70,"column":8}},{"start":{"line":71,"column":4},"end":{"line":73,"column":25}}],"line":70},"6":{"loc":{"start":{"line":82,"column":4},"end":{"line":84,"column":4}},"type":"binary-expr","locations":[{"start":{"line":82,"column":4},"end":{"line":82,"column":17}},{"start":{"line":83,"column":4},"end":{"line":83,"column":87}}],"line":82}},"s":{"0":1,"1":23,"2":41,"3":23,"4":23,"5":23,"6":23,"7":23,"8":2,"9":2,"10":2,"11":23,"12":1,"13":23,"14":12,"15":11,"16":1,"17":10,"18":11,"19":2,"20":1},"f":{"0":23,"1":41,"2":2,"3":1,"4":11,"5":2,"6":1},"b":{"0":[1,1],"1":[12,11],"2":[1,10],"3":[11,11],"4":[10,10],"5":[10,10],"6":[10,2]},"_coverageSchema":"1a1c01bbd47fc00a2c39e90264f33305004495a9","hash":"6e323d8ef4235d0a2cb479d0010aedb6ecc4578d"}
,"D:\\frontend\\Hiring\\Youtube\\src\\components\\FilmCards\\styled.ts": {"path":"D:\\frontend\\Hiring\\Youtube\\src\\components\\FilmCards\\styled.ts","statementMap":{"0":{"start":{"line":4,"column":40},"end":{"line":25,"column":1}},"1":{"start":{"line":27,"column":34},"end":{"line":30,"column":1}},"2":{"start":{"line":32,"column":31},"end":{"line":36,"column":1}}},"fnMap":{},"branchMap":{},"s":{"0":3,"1":3,"2":3},"f":{},"b":{},"_coverageSchema":"1a1c01bbd47fc00a2c39e90264f33305004495a9","hash":"14875aa78310aa052caf9fd4a527ba72767b5a97"}
,"D:\\frontend\\Hiring\\Youtube\\src\\components\\Footer\\index.tsx": {"path":"D:\\frontend\\Hiring\\Youtube\\src\\components\\Footer\\index.tsx","statementMap":{"0":{"start":{"line":16,"column":25},"end":{"line":39,"column":1}},"1":{"start":{"line":17,"column":1},"end":{"line":38,"column":2}}},"fnMap":{"0":{"name":"(anonymous_0)","decl":{"start":{"line":16,"column":25},"end":{"line":16,"column":26}},"loc":{"start":{"line":16,"column":44},"end":{"line":39,"column":1}},"line":16}},"branchMap":{},"s":{"0":1,"1":1},"f":{"0":1},"b":{},"_coverageSchema":"1a1c01bbd47fc00a2c39e90264f33305004495a9","hash":"9c5e468c8d40cbc9f6cd8d05126dacaac646d150"}
,"D:\\frontend\\Hiring\\Youtube\\src\\components\\Footer\\styled.ts": {"path":"D:\\frontend\\Hiring\\Youtube\\src\\components\\Footer\\styled.ts","statementMap":{"0":{"start":{"line":4,"column":28},"end":{"line":6,"column":1}},"1":{"start":{"line":8,"column":33},"end":{"line":25,"column":1}},"2":{"start":{"line":27,"column":34},"end":{"line":52,"column":1}},"3":{"start":{"line":54,"column":33},"end":{"line":69,"column":1}},"4":{"start":{"line":55,"column":25},"end":{"line":55,"column":42}},"5":{"start":{"line":71,"column":39},"end":{"line":86,"column":1}},"6":{"start":{"line":72,"column":25},"end":{"line":72,"column":47}},"7":{"start":{"line":88,"column":31},"end":{"line":90,"column":1}},"8":{"start":{"line":92,"column":35},"end":{"line":112,"column":1}},"9":{"start":{"line":109,"column":26},"end":{"line":109,"column":46}}},"fnMap":{"0":{"name":"(anonymous_0)","decl":{"start":{"line":55,"column":10},"end":{"line":55,"column":11}},"loc":{"start":{"line":55,"column":25},"end":{"line":55,"column":42}},"line":55},"1":{"name":"(anonymous_1)","decl":{"start":{"line":72,"column":10},"end":{"line":72,"column":11}},"loc":{"start":{"line":72,"column":25},"end":{"line":72,"column":47}},"line":72},"2":{"name":"(anonymous_2)","decl":{"start":{"line":109,"column":11},"end":{"line":109,"column":12}},"loc":{"start":{"line":109,"column":26},"end":{"line":109,"column":46}},"line":109}},"branchMap":{},"s":{"0":1,"1":1,"2":1,"3":1,"4":2,"5":1,"6":1,"7":1,"8":1,"9":1},"f":{"0":2,"1":1,"2":1},"b":{},"_coverageSchema":"1a1c01bbd47fc00a2c39e90264f33305004495a9","hash":"077466aafe564616f39fd6b5e7c414b129143df2"}
,"D:\\frontend\\Hiring\\Youtube\\src\\components\\Header\\index.tsx": {"path":"D:\\frontend\\Hiring\\Youtube\\src\\components\\Header\\index.tsx","statementMap":{"0":{"start":{"line":11,"column":25},"end":{"line":27,"column":1}},"1":{"start":{"line":12,"column":39},"end":{"line":12,"column":54}},"2":{"start":{"line":13,"column":1},"end":{"line":26,"column":2}},"3":{"start":{"line":19,"column":59},"end":{"line":19,"column":89}},"4":{"start":{"line":19,"column":83},"end":{"line":19,"column":88}}},"fnMap":{"0":{"name":"(anonymous_0)","decl":{"start":{"line":11,"column":25},"end":{"line":11,"column":26}},"loc":{"start":{"line":11,"column":44},"end":{"line":27,"column":1}},"line":11},"1":{"name":"(anonymous_1)","decl":{"start":{"line":19,"column":53},"end":{"line":19,"column":54}},"loc":{"start":{"line":19,"column":59},"end":{"line":19,"column":89}},"line":19},"2":{"name":"(anonymous_2)","decl":{"start":{"line":19,"column":73},"end":{"line":19,"column":74}},"loc":{"start":{"line":19,"column":83},"end":{"line":19,"column":88}},"line":19}},"branchMap":{},"s":{"0":1,"1":1,"2":1,"3":0,"4":0},"f":{"0":1,"1":0,"2":0},"b":{},"_coverageSchema":"1a1c01bbd47fc00a2c39e90264f33305004495a9","hash":"9da394e616e12ffd7a5fad1c0868d7c3e6ac5803"}
,"D:\\frontend\\Hiring\\Youtube\\src\\components\\Header\\styled.ts": {"path":"D:\\frontend\\Hiring\\Youtube\\src\\components\\Header\\styled.ts","statementMap":{"0":{"start":{"line":4,"column":28},"end":{"line":22,"column":1}},"1":{"start":{"line":9,"column":44},"end":{"line":9,"column":64}},"2":{"start":{"line":24,"column":35},"end":{"line":33,"column":1}},"3":{"start":{"line":34,"column":32},"end":{"line":58,"column":1}}},"fnMap":{"0":{"name":"(anonymous_0)","decl":{"start":{"line":9,"column":29},"end":{"line":9,"column":30}},"loc":{"start":{"line":9,"column":44},"end":{"line":9,"column":64}},"line":9}},"branchMap":{},"s":{"0":1,"1":1,"2":1,"3":1},"f":{"0":1},"b":{},"_coverageSchema":"1a1c01bbd47fc00a2c39e90264f33305004495a9","hash":"872e616c89ff9cc260a882cfdff4af06eb6ebde7"}
,"D:\\frontend\\Hiring\\Youtube\\src\\components\\Logo\\index.tsx": {"path":"D:\\frontend\\Hiring\\Youtube\\src\\components\\Logo\\index.tsx","statementMap":{"0":{"start":{"line":4,"column":23},"end":{"line":11,"column":1}},"1":{"start":{"line":5,"column":1},"end":{"line":10,"column":2}}},"fnMap":{"0":{"name":"(anonymous_0)","decl":{"start":{"line":4,"column":23},"end":{"line":4,"column":24}},"loc":{"start":{"line":4,"column":42},"end":{"line":11,"column":1}},"line":4}},"branchMap":{},"s":{"0":1,"1":1},"f":{"0":1},"b":{},"_coverageSchema":"1a1c01bbd47fc00a2c39e90264f33305004495a9","hash":"80ce91ebdb9a92a3282494d75043cfc3dab30a95"}
,"D:\\frontend\\Hiring\\Youtube\\src\\components\\Logo\\styled.ts": {"path":"D:\\frontend\\Hiring\\Youtube\\src\\components\\Logo\\styled.ts","statementMap":{"0":{"start":{"line":4,"column":26},"end":{"line":17,"column":1}}},"fnMap":{},"branchMap":{},"s":{"0":1},"f":{},"b":{},"_coverageSchema":"1a1c01bbd47fc00a2c39e90264f33305004495a9","hash":"a3cf6448ef303316bdf0cc1078c1050bd1c2fe98"}
,"D:\\frontend\\Hiring\\Youtube\\src\\components\\Menu\\index.tsx": {"path":"D:\\frontend\\Hiring\\Youtube\\src\\components\\Menu\\index.tsx","statementMap":{"0":{"start":{"line":9,"column":40},"end":{"line":27,"column":1}},"1":{"start":{"line":10,"column":36},"end":{"line":10,"column":51}},"2":{"start":{"line":12,"column":1},"end":{"line":18,"column":41}},"3":{"start":{"line":13,"column":2},"end":{"line":15,"column":3}},"4":{"start":{"line":14,"column":3},"end":{"line":14,"column":15}},"5":{"start":{"line":17,"column":2},"end":{"line":17,"column":29}},"6":{"start":{"line":17,"column":15},"end":{"line":17,"column":29}},"7":{"start":{"line":20,"column":1},"end":{"line":26,"column":2}}},"fnMap":{"0":{"name":"(anonymous_0)","decl":{"start":{"line":9,"column":40},"end":{"line":9,"column":41}},"loc":{"start":{"line":9,"column":83},"end":{"line":27,"column":1}},"line":9},"1":{"name":"(anonymous_1)","decl":{"start":{"line":12,"column":11},"end":{"line":12,"column":12}},"loc":{"start":{"line":12,"column":17},"end":{"line":18,"column":2}},"line":12},"2":{"name":"(anonymous_2)","decl":{"start":{"line":17,"column":9},"end":{"line":17,"column":10}},"loc":{"start":{"line":17,"column":15},"end":{"line":17,"column":29}},"line":17}},"branchMap":{"0":{"loc":{"start":{"line":13,"column":2},"end":{"line":15,"column":3}},"type":"if","locations":[{"start":{"line":13,"column":2},"end":{"line":15,"column":3}},{"start":{},"end":{}}],"line":13}},"s":{"0":1,"1":1,"2":1,"3":1,"4":0,"5":1,"6":1,"7":1},"f":{"0":1,"1":1,"2":1},"b":{"0":[0,1]},"_coverageSchema":"1a1c01bbd47fc00a2c39e90264f33305004495a9","hash":"3058834a022ef77d12809b90667d20f2e9ac2e10"}
,"D:\\frontend\\Hiring\\Youtube\\src\\components\\Menu\\styled.ts": {"path":"D:\\frontend\\Hiring\\Youtube\\src\\components\\Menu\\styled.ts","statementMap":{"0":{"start":{"line":4,"column":31},"end":{"line":39,"column":1}},"1":{"start":{"line":25,"column":2},"end":{"line":28,"column":3}}},"fnMap":{"0":{"name":"(anonymous_0)","decl":{"start":{"line":24,"column":3},"end":{"line":24,"column":4}},"loc":{"start":{"line":25,"column":2},"end":{"line":28,"column":3}},"line":25}},"branchMap":{"0":{"loc":{"start":{"line":25,"column":2},"end":{"line":28,"column":3}},"type":"binary-expr","locations":[{"start":{"line":25,"column":2},"end":{"line":25,"column":13}},{"start":{"line":26,"column":2},"end":{"line":28,"column":3}}],"line":25}},"s":{"0":1,"1":1},"f":{"0":1},"b":{"0":[1,0]},"_coverageSchema":"1a1c01bbd47fc00a2c39e90264f33305004495a9","hash":"7b925474716e192ebb337dd3cdf6d9eeb72e10a7"}
,"D:\\frontend\\Hiring\\Youtube\\src\\components\\PopUp\\index.tsx": {"path":"D:\\frontend\\Hiring\\Youtube\\src\\components\\PopUp\\index.tsx","statementMap":{"0":{"start":{"line":12,"column":32},"end":{"line":38,"column":1}},"1":{"start":{"line":13,"column":36},"end":{"line":13,"column":51}},"2":{"start":{"line":14,"column":13},"end":{"line":14,"column":25}},"3":{"start":{"line":16,"column":21},"end":{"line":18,"column":2}},"4":{"start":{"line":17,"column":2},"end":{"line":17,"column":43}},"5":{"start":{"line":17,"column":32},"end":{"line":17,"column":43}},"6":{"start":{"line":20,"column":1},"end":{"line":24,"column":31}},"7":{"start":{"line":21,"column":2},"end":{"line":21,"column":14}},"8":{"start":{"line":23,"column":2},"end":{"line":23,"column":29}},"9":{"start":{"line":23,"column":15},"end":{"line":23,"column":29}},"10":{"start":{"line":26,"column":1},"end":{"line":37,"column":2}}},"fnMap":{"0":{"name":"(anonymous_0)","decl":{"start":{"line":12,"column":32},"end":{"line":12,"column":33}},"loc":{"start":{"line":12,"column":78},"end":{"line":38,"column":1}},"line":12},"1":{"name":"(anonymous_1)","decl":{"start":{"line":16,"column":21},"end":{"line":16,"column":22}},"loc":{"start":{"line":16,"column":62},"end":{"line":18,"column":2}},"line":16},"2":{"name":"(anonymous_2)","decl":{"start":{"line":20,"column":11},"end":{"line":20,"column":12}},"loc":{"start":{"line":20,"column":17},"end":{"line":24,"column":2}},"line":20},"3":{"name":"(anonymous_3)","decl":{"start":{"line":23,"column":9},"end":{"line":23,"column":10}},"loc":{"start":{"line":23,"column":15},"end":{"line":23,"column":29}},"line":23}},"branchMap":{"0":{"loc":{"start":{"line":17,"column":2},"end":{"line":17,"column":43}},"type":"if","locations":[{"start":{"line":17,"column":2},"end":{"line":17,"column":43}},{"start":{},"end":{}}],"line":17}},"s":{"0":2,"1":4,"2":4,"3":4,"4":2,"5":2,"6":4,"7":4,"8":4,"9":4,"10":4},"f":{"0":4,"1":2,"2":4,"3":4},"b":{"0":[2,0]},"_coverageSchema":"1a1c01bbd47fc00a2c39e90264f33305004495a9","hash":"3840e4e51eaca8f5ce65fbc5da6b0745e42bb004"}
,"D:\\frontend\\Hiring\\Youtube\\src\\components\\PopUp\\styled.ts": {"path":"D:\\frontend\\Hiring\\Youtube\\src\\components\\PopUp\\styled.ts","statementMap":{"0":{"start":{"line":4,"column":27},"end":{"line":15,"column":1}},"1":{"start":{"line":17,"column":36},"end":{"line":36,"column":1}},"2":{"start":{"line":38,"column":28},"end":{"line":41,"column":1}}},"fnMap":{},"branchMap":{},"s":{"0":2,"1":2,"2":2},"f":{},"b":{},"_coverageSchema":"1a1c01bbd47fc00a2c39e90264f33305004495a9","hash":"115601730b1be2334fe8eb387e7731efda88a7f7"}
,"D:\\frontend\\Hiring\\Youtube\\src\\components\\SearchBar\\index.tsx": {"path":"D:\\frontend\\Hiring\\Youtube\\src\\components\\SearchBar\\index.tsx","statementMap":{"0":{"start":{"line":22,"column":28},"end":{"line":92,"column":1}},"1":{"start":{"line":23,"column":29},"end":{"line":23,"column":41}},"2":{"start":{"line":24,"column":39},"end":{"line":24,"column":54}},"3":{"start":{"line":25,"column":25},"end":{"line":25,"column":44}},"4":{"start":{"line":26,"column":32},"end":{"line":26,"column":44}},"5":{"start":{"line":27,"column":13},"end":{"line":27,"column":50}},"6":{"start":{"line":29,"column":27},"end":{"line":36,"column":2}},"7":{"start":{"line":30,"column":2},"end":{"line":35,"column":3}},"8":{"start":{"line":34,"column":3},"end":{"line":34,"column":24}},"9":{"start":{"line":38,"column":1},"end":{"line":38,"column":52}},"10":{"start":{"line":38,"column":31},"end":{"line":38,"column":51}},"11":{"start":{"line":39,"column":25},"end":{"line":39,"column":69}},"12":{"start":{"line":41,"column":19},"end":{"line":41,"column":24}},"13":{"start":{"line":43,"column":22},"end":{"line":45,"column":2}},"14":{"start":{"line":44,"column":2},"end":{"line":44,"column":27}},"15":{"start":{"line":47,"column":22},"end":{"line":53,"column":2}},"16":{"start":{"line":48,"column":2},"end":{"line":48,"column":21}},"17":{"start":{"line":49,"column":2},"end":{"line":49,"column":23}},"18":{"start":{"line":50,"column":2},"end":{"line":50,"column":21}},"19":{"start":{"line":51,"column":2},"end":{"line":51,"column":23}},"20":{"start":{"line":52,"column":2},"end":{"line":52,"column":18}},"21":{"start":{"line":55,"column":1},"end":{"line":91,"column":2}},"22":{"start":{"line":64,"column":6},"end":{"line":64,"column":20}},"23":{"start":{"line":66,"column":20},"end":{"line":66,"column":40}},"24":{"start":{"line":77,"column":9},"end":{"line":77,"column":25}},"25":{"start":{"line":78,"column":9},"end":{"line":78,"column":24}},"26":{"start":{"line":79,"column":9},"end":{"line":79,"column":28}},"27":{"start":{"line":80,"column":9},"end":{"line":80,"column":30}}},"fnMap":{"0":{"name":"(anonymous_0)","decl":{"start":{"line":22,"column":28},"end":{"line":22,"column":29}},"loc":{"start":{"line":22,"column":47},"end":{"line":92,"column":1}},"line":22},"1":{"name":"(anonymous_1)","decl":{"start":{"line":29,"column":27},"end":{"line":29,"column":28}},"loc":{"start":{"line":29,"column":44},"end":{"line":36,"column":2}},"line":29},"2":{"name":"(anonymous_2)","decl":{"start":{"line":38,"column":24},"end":{"line":38,"column":25}},"loc":{"start":{"line":38,"column":31},"end":{"line":38,"column":51}},"line":38},"3":{"name":"(anonymous_3)","decl":{"start":{"line":43,"column":22},"end":{"line":43,"column":23}},"loc":{"start":{"line":43,"column":66},"end":{"line":45,"column":2}},"line":43},"4":{"name":"(anonymous_4)","decl":{"start":{"line":47,"column":22},"end":{"line":47,"column":23}},"loc":{"start":{"line":47,"column":64},"end":{"line":53,"column":2}},"line":47},"5":{"name":"(anonymous_5)","decl":{"start":{"line":63,"column":15},"end":{"line":63,"column":16}},"loc":{"start":{"line":63,"column":21},"end":{"line":65,"column":6}},"line":63},"6":{"name":"(anonymous_6)","decl":{"start":{"line":66,"column":14},"end":{"line":66,"column":15}},"loc":{"start":{"line":66,"column":20},"end":{"line":66,"column":40}},"line":66},"7":{"name":"(anonymous_7)","decl":{"start":{"line":76,"column":17},"end":{"line":76,"column":18}},"loc":{"start":{"line":76,"column":28},"end":{"line":81,"column":9}},"line":76}},"branchMap":{"0":{"loc":{"start":{"line":30,"column":2},"end":{"line":35,"column":3}},"type":"if","locations":[{"start":{"line":30,"column":2},"end":{"line":35,"column":3}},{"start":{},"end":{}}],"line":30},"1":{"loc":{"start":{"line":31,"column":3},"end":{"line":32,"column":83}},"type":"binary-expr","locations":[{"start":{"line":31,"column":3},"end":{"line":31,"column":59}},{"start":{"line":32,"column":3},"end":{"line":32,"column":83}}],"line":31},"2":{"loc":{"start":{"line":71,"column":6},"end":{"line":84,"column":6}},"type":"binary-expr","locations":[{"start":{"line":71,"column":6},"end":{"line":71,"column":11}},{"start":{"line":71,"column":15},"end":{"line":71,"column":26}},{"start":{"line":72,"column":6},"end":{"line":83,"column":26}}],"line":71}},"s":{"0":2,"1":26,"2":26,"3":26,"4":26,"5":26,"6":26,"7":0,"8":0,"9":26,"10":0,"11":26,"12":26,"13":26,"14":2,"15":26,"16":2,"17":2,"18":2,"19":2,"20":2,"21":26,"22":0,"23":4,"24":1,"25":1,"26":1,"27":1},"f":{"0":26,"1":0,"2":0,"3":2,"4":2,"5":0,"6":4,"7":1},"b":{"0":[0,0],"1":[0,0],"2":[26,9,4]},"_coverageSchema":"1a1c01bbd47fc00a2c39e90264f33305004495a9","hash":"34142de68639d7fd9efe0205e3a17fc8c22721cc"}
,"D:\\frontend\\Hiring\\Youtube\\src\\components\\SearchBar\\styled.ts": {"path":"D:\\frontend\\Hiring\\Youtube\\src\\components\\SearchBar\\styled.ts","statementMap":{"0":{"start":{"line":4,"column":26},"end":{"line":10,"column":1}},"1":{"start":{"line":11,"column":37},"end":{"line":17,"column":1}},"2":{"start":{"line":19,"column":33},"end":{"line":36,"column":1}},"3":{"start":{"line":26,"column":36},"end":{"line":26,"column":56}},"4":{"start":{"line":38,"column":31},"end":{"line":50,"column":1}},"5":{"start":{"line":39,"column":36},"end":{"line":39,"column":56}},"6":{"start":{"line":48,"column":25},"end":{"line":48,"column":45}},"7":{"start":{"line":52,"column":33},"end":{"line":58,"column":1}}},"fnMap":{"0":{"name":"(anonymous_0)","decl":{"start":{"line":26,"column":21},"end":{"line":26,"column":22}},"loc":{"start":{"line":26,"column":36},"end":{"line":26,"column":56}},"line":26},"1":{"name":"(anonymous_1)","decl":{"start":{"line":39,"column":21},"end":{"line":39,"column":22}},"loc":{"start":{"line":39,"column":36},"end":{"line":39,"column":56}},"line":39},"2":{"name":"(anonymous_2)","decl":{"start":{"line":48,"column":10},"end":{"line":48,"column":11}},"loc":{"start":{"line":48,"column":25},"end":{"line":48,"column":45}},"line":48}},"branchMap":{},"s":{"0":2,"1":2,"2":2,"3":24,"4":2,"5":24,"6":24,"7":2},"f":{"0":24,"1":24,"2":24},"b":{},"_coverageSchema":"1a1c01bbd47fc00a2c39e90264f33305004495a9","hash":"304d9864415c27ae987e2d5a1550a637a89fa392"}
,"D:\\frontend\\Hiring\\Youtube\\src\\components\\SearchHints\\index.tsx": {"path":"D:\\frontend\\Hiring\\Youtube\\src\\components\\SearchHints\\index.tsx","statementMap":{"0":{"start":{"line":9,"column":44},"end":{"line":36,"column":1}},"1":{"start":{"line":14,"column":1},"end":{"line":35,"column":2}},"2":{"start":{"line":21,"column":5},"end":{"line":31,"column":6}},"3":{"start":{"line":27,"column":22},"end":{"line":27,"column":35}}},"fnMap":{"0":{"name":"(anonymous_0)","decl":{"start":{"line":9,"column":44},"end":{"line":9,"column":45}},"loc":{"start":{"line":13,"column":33},"end":{"line":36,"column":1}},"line":13},"1":{"name":"(anonymous_1)","decl":{"start":{"line":20,"column":14},"end":{"line":20,"column":15}},"loc":{"start":{"line":20,"column":24},"end":{"line":32,"column":5}},"line":20},"2":{"name":"(anonymous_2)","decl":{"start":{"line":27,"column":16},"end":{"line":27,"column":17}},"loc":{"start":{"line":27,"column":22},"end":{"line":27,"column":35}},"line":27}},"branchMap":{"0":{"loc":{"start":{"line":16,"column":4},"end":{"line":33,"column":4}},"type":"cond-expr","locations":[{"start":{"line":17,"column":4},"end":{"line":17,"column":44}},{"start":{"line":19,"column":4},"end":{"line":32,"column":6}}],"line":16},"1":{"loc":{"start":{"line":19,"column":4},"end":{"line":32,"column":6}},"type":"binary-expr","locations":[{"start":{"line":19,"column":4},"end":{"line":19,"column":16}},{"start":{"line":20,"column":4},"end":{"line":32,"column":6}}],"line":19}},"s":{"0":3,"1":6,"2":5,"3":2},"f":{"0":6,"1":5,"2":2},"b":{"0":[1,5],"1":[5,5]},"_coverageSchema":"1a1c01bbd47fc00a2c39e90264f33305004495a9","hash":"0042d1514b654b5bcc6eaac0e5df97624faa94e0"}
,"D:\\frontend\\Hiring\\Youtube\\src\\components\\SearchHints\\styled.ts": {"path":"D:\\frontend\\Hiring\\Youtube\\src\\components\\SearchHints\\styled.ts","statementMap":{"0":{"start":{"line":3,"column":33},"end":{"line":10,"column":1}},"1":{"start":{"line":12,"column":30},"end":{"line":25,"column":1}}},"fnMap":{},"branchMap":{},"s":{"0":3,"1":3},"f":{},"b":{},"_coverageSchema":"1a1c01bbd47fc00a2c39e90264f33305004495a9","hash":"72048e94d3f6b219675c3a7b3300fef0546a5302"}
,"D:\\frontend\\Hiring\\Youtube\\src\\components\\ThemeToggler\\index.tsx": {"path":"D:\\frontend\\Hiring\\Youtube\\src\\components\\ThemeToggler\\index.tsx","statementMap":{"0":{"start":{"line":12,"column":31},"end":{"line":35,"column":1}},"1":{"start":{"line":13,"column":22},"end":{"line":13,"column":34}},"2":{"start":{"line":14,"column":29},"end":{"line":14,"column":75}},"3":{"start":{"line":14,"column":57},"end":{"line":14,"column":74}},"4":{"start":{"line":16,"column":35},"end":{"line":16,"column":89}},"5":{"start":{"line":17,"column":18},"end":{"line":20,"column":2}},"6":{"start":{"line":18,"column":2},"end":{"line":18,"column":26}},"7":{"start":{"line":19,"column":2},"end":{"line":19,"column":36}},"8":{"start":{"line":22,"column":1},"end":{"line":34,"column":2}}},"fnMap":{"0":{"name":"(anonymous_0)","decl":{"start":{"line":12,"column":31},"end":{"line":12,"column":32}},"loc":{"start":{"line":12,"column":50},"end":{"line":35,"column":1}},"line":12},"1":{"name":"(anonymous_1)","decl":{"start":{"line":14,"column":46},"end":{"line":14,"column":47}},"loc":{"start":{"line":14,"column":57},"end":{"line":14,"column":74}},"line":14},"2":{"name":"(anonymous_2)","decl":{"start":{"line":17,"column":18},"end":{"line":17,"column":19}},"loc":{"start":{"line":17,"column":24},"end":{"line":20,"column":2}},"line":17}},"branchMap":{"0":{"loc":{"start":{"line":16,"column":53},"end":{"line":16,"column":88}},"type":"cond-expr","locations":[{"start":{"line":16,"column":76},"end":{"line":16,"column":80}},{"start":{"line":16,"column":83},"end":{"line":16,"column":88}}],"line":16},"1":{"loc":{"start":{"line":19,"column":11},"end":{"line":19,"column":35}},"type":"cond-expr","locations":[{"start":{"line":19,"column":23},"end":{"line":19,"column":28}},{"start":{"line":19,"column":31},"end":{"line":19,"column":35}}],"line":19}},"s":{"0":2,"1":5,"2":5,"3":12,"4":5,"5":5,"6":2,"7":2,"8":5},"f":{"0":5,"1":12,"2":2},"b":{"0":[1,4],"1":[1,1]},"_coverageSchema":"1a1c01bbd47fc00a2c39e90264f33305004495a9","hash":"de1f5c1cd123bed7082564f19a078006d23c0b2c"}
,"D:\\frontend\\Hiring\\Youtube\\src\\components\\ThemeToggler\\styled.ts": {"path":"D:\\frontend\\Hiring\\Youtube\\src\\components\\ThemeToggler\\styled.ts","statementMap":{"0":{"start":{"line":4,"column":35},"end":{"line":9,"column":1}},"1":{"start":{"line":10,"column":33},"end":{"line":15,"column":1}},"2":{"start":{"line":16,"column":33},"end":{"line":26,"column":1}},"3":{"start":{"line":28,"column":32},"end":{"line":49,"column":1}}},"fnMap":{},"branchMap":{},"s":{"0":2,"1":2,"2":2,"3":2},"f":{},"b":{},"_coverageSchema":"1a1c01bbd47fc00a2c39e90264f33305004495a9","hash":"3cfddfeced196c01eab97a2012f675104fc4e618"}
,"D:\\frontend\\Hiring\\Youtube\\src\\components\\icons\\FbIcon.tsx": {"path":"D:\\frontend\\Hiring\\Youtube\\src\\components\\icons\\FbIcon.tsx","statementMap":{"0":{"start":{"line":1,"column":25},"end":{"line":27,"column":1}},"1":{"start":{"line":2,"column":1},"end":{"line":26,"column":2}}},"fnMap":{"0":{"name":"(anonymous_0)","decl":{"start":{"line":1,"column":25},"end":{"line":1,"column":26}},"loc":{"start":{"line":1,"column":44},"end":{"line":27,"column":1}},"line":1}},"branchMap":{},"s":{"0":1,"1":1},"f":{"0":1},"b":{},"_coverageSchema":"1a1c01bbd47fc00a2c39e90264f33305004495a9","hash":"ee9fca168fcb0eea44e0d34c0c4821a0afdf00d7"}
,"D:\\frontend\\Hiring\\Youtube\\src\\components\\icons\\IgIcon.tsx": {"path":"D:\\frontend\\Hiring\\Youtube\\src\\components\\icons\\IgIcon.tsx","statementMap":{"0":{"start":{"line":1,"column":25},"end":{"line":52,"column":1}},"1":{"start":{"line":2,"column":1},"end":{"line":51,"column":2}}},"fnMap":{"0":{"name":"(anonymous_0)","decl":{"start":{"line":1,"column":25},"end":{"line":1,"column":26}},"loc":{"start":{"line":1,"column":44},"end":{"line":52,"column":1}},"line":1}},"branchMap":{},"s":{"0":1,"1":1},"f":{"0":1},"b":{},"_coverageSchema":"1a1c01bbd47fc00a2c39e90264f33305004495a9","hash":"e3fc3cfc8bc52faaf10c1e599f6fec943121e1bb"}
,"D:\\frontend\\Hiring\\Youtube\\src\\components\\icons\\InIcon.tsx": {"path":"D:\\frontend\\Hiring\\Youtube\\src\\components\\icons\\InIcon.tsx","statementMap":{"0":{"start":{"line":1,"column":25},"end":{"line":40,"column":1}},"1":{"start":{"line":2,"column":1},"end":{"line":39,"column":2}}},"fnMap":{"0":{"name":"(anonymous_0)","decl":{"start":{"line":1,"column":25},"end":{"line":1,"column":26}},"loc":{"start":{"line":1,"column":44},"end":{"line":40,"column":1}},"line":1}},"branchMap":{},"s":{"0":1,"1":1},"f":{"0":1},"b":{},"_coverageSchema":"1a1c01bbd47fc00a2c39e90264f33305004495a9","hash":"a10b8958084f7a1ce7d942c602d031e610e7a853"}
,"D:\\frontend\\Hiring\\Youtube\\src\\components\\icons\\SearchIcon.tsx": {"path":"D:\\frontend\\Hiring\\Youtube\\src\\components\\icons\\SearchIcon.tsx","statementMap":{"0":{"start":{"line":1,"column":29},"end":{"line":21,"column":1}},"1":{"start":{"line":2,"column":1},"end":{"line":20,"column":2}}},"fnMap":{"0":{"name":"(anonymous_0)","decl":{"start":{"line":1,"column":29},"end":{"line":1,"column":30}},"loc":{"start":{"line":1,"column":48},"end":{"line":21,"column":1}},"line":1}},"branchMap":{},"s":{"0":2,"1":24},"f":{"0":24},"b":{},"_coverageSchema":"1a1c01bbd47fc00a2c39e90264f33305004495a9","hash":"56ce615b9127bb69d50b9a9d85bbcddd67075907"}
,"D:\\frontend\\Hiring\\Youtube\\src\\components\\icons\\TwIcon.tsx": {"path":"D:\\frontend\\Hiring\\Youtube\\src\\components\\icons\\TwIcon.tsx","statementMap":{"0":{"start":{"line":1,"column":25},"end":{"line":40,"column":1}},"1":{"start":{"line":2,"column":1},"end":{"line":39,"column":2}}},"fnMap":{"0":{"name":"(anonymous_0)","decl":{"start":{"line":1,"column":25},"end":{"line":1,"column":26}},"loc":{"start":{"line":1,"column":44},"end":{"line":40,"column":1}},"line":1}},"branchMap":{},"s":{"0":1,"1":1},"f":{"0":1},"b":{},"_coverageSchema":"1a1c01bbd47fc00a2c39e90264f33305004495a9","hash":"4ab6fb37fd694c69197fd68bab8b67795ea2dfda"}
,"D:\\frontend\\Hiring\\Youtube\\src\\components\\icons\\UserIcon.tsx": {"path":"D:\\frontend\\Hiring\\Youtube\\src\\components\\icons\\UserIcon.tsx","statementMap":{"0":{"start":{"line":1,"column":27},"end":{"line":18,"column":1}},"1":{"start":{"line":2,"column":1},"end":{"line":17,"column":2}}},"fnMap":{"0":{"name":"(anonymous_0)","decl":{"start":{"line":1,"column":27},"end":{"line":1,"column":28}},"loc":{"start":{"line":1,"column":46},"end":{"line":18,"column":1}},"line":1}},"branchMap":{},"s":{"0":0,"1":0},"f":{"0":0},"b":{}}
,"D:\\frontend\\Hiring\\Youtube\\src\\components\\icons\\YtIcon.tsx": {"path":"D:\\frontend\\Hiring\\Youtube\\src\\components\\icons\\YtIcon.tsx","statementMap":{"0":{"start":{"line":1,"column":25},"end":{"line":29,"column":1}},"1":{"start":{"line":2,"column":1},"end":{"line":28,"column":2}}},"fnMap":{"0":{"name":"(anonymous_0)","decl":{"start":{"line":1,"column":25},"end":{"line":1,"column":26}},"loc":{"start":{"line":1,"column":44},"end":{"line":29,"column":1}},"line":1}},"branchMap":{},"s":{"0":3,"1":15},"f":{"0":15},"b":{},"_coverageSchema":"1a1c01bbd47fc00a2c39e90264f33305004495a9","hash":"20440099b007d0a6a064e4c0442a447d43f55e41"}
,"D:\\frontend\\Hiring\\Youtube\\src\\components\\skeletons\\index.tsx": {"path":"D:\\frontend\\Hiring\\Youtube\\src\\components\\skeletons\\index.tsx","statementMap":{"0":{"start":{"line":10,"column":35},"end":{"line":27,"column":1}},"1":{"start":{"line":11,"column":1},"end":{"line":26,"column":2}}},"fnMap":{"0":{"name":"(anonymous_0)","decl":{"start":{"line":10,"column":35},"end":{"line":10,"column":36}},"loc":{"start":{"line":10,"column":54},"end":{"line":27,"column":1}},"line":10}},"branchMap":{},"s":{"0":2,"1":61},"f":{"0":61},"b":{},"_coverageSchema":"1a1c01bbd47fc00a2c39e90264f33305004495a9","hash":"18abc7941040ade87445137d61a8601a671544b6"}
,"D:\\frontend\\Hiring\\Youtube\\src\\components\\skeletons\\styled.ts": {"path":"D:\\frontend\\Hiring\\Youtube\\src\\components\\skeletons\\styled.ts","statementMap":{"0":{"start":{"line":3,"column":21},"end":{"line":10,"column":1}},"1":{"start":{"line":12,"column":33},"end":{"line":18,"column":1}},"2":{"start":{"line":20,"column":41},"end":{"line":28,"column":1}},"3":{"start":{"line":30,"column":34},"end":{"line":33,"column":1}},"4":{"start":{"line":35,"column":30},"end":{"line":47,"column":1}},"5":{"start":{"line":49,"column":31},"end":{"line":57,"column":1}},"6":{"start":{"line":59,"column":39},"end":{"line":66,"column":1}}},"fnMap":{},"branchMap":{},"s":{"0":2,"1":2,"2":2,"3":2,"4":2,"5":2,"6":2},"f":{},"b":{},"_coverageSchema":"1a1c01bbd47fc00a2c39e90264f33305004495a9","hash":"799bd86323656325efd3922ea482dac83d1537c5"}
,"D:\\frontend\\Hiring\\Youtube\\src\\hooks\\useActions.ts": {"path":"D:\\frontend\\Hiring\\Youtube\\src\\hooks\\useActions.ts","statementMap":{"0":{"start":{"line":8,"column":26},"end":{"line":12,"column":1}},"1":{"start":{"line":9,"column":18},"end":{"line":9,"column":44}},"2":{"start":{"line":11,"column":1},"end":{"line":11,"column":76}},"3":{"start":{"line":11,"column":22},"end":{"line":11,"column":63}}},"fnMap":{"0":{"name":"(anonymous_0)","decl":{"start":{"line":8,"column":26},"end":{"line":8,"column":27}},"loc":{"start":{"line":8,"column":32},"end":{"line":12,"column":1}},"line":8},"1":{"name":"(anonymous_1)","decl":{"start":{"line":11,"column":16},"end":{"line":11,"column":17}},"loc":{"start":{"line":11,"column":22},"end":{"line":11,"column":63}},"line":11}},"branchMap":{},"s":{"0":4,"1":34,"2":34,"3":13},"f":{"0":34,"1":13},"b":{},"_coverageSchema":"1a1c01bbd47fc00a2c39e90264f33305004495a9","hash":"85e51fed6ff5ae617f0b3ab1c00b4e41872245ba"}
,"D:\\frontend\\Hiring\\Youtube\\src\\hooks\\useDebounce.ts": {"path":"D:\\frontend\\Hiring\\Youtube\\src\\hooks\\useDebounce.ts","statementMap":{"0":{"start":{"line":3,"column":27},"end":{"line":14,"column":1}},"1":{"start":{"line":4,"column":45},"end":{"line":4,"column":63}},"2":{"start":{"line":6,"column":1},"end":{"line":11,"column":19}},"3":{"start":{"line":7,"column":18},"end":{"line":9,"column":11}},"4":{"start":{"line":8,"column":3},"end":{"line":8,"column":27}},"5":{"start":{"line":10,"column":2},"end":{"line":10,"column":36}},"6":{"start":{"line":10,"column":15},"end":{"line":10,"column":36}},"7":{"start":{"line":13,"column":1},"end":{"line":13,"column":22}}},"fnMap":{"0":{"name":"(anonymous_0)","decl":{"start":{"line":3,"column":27},"end":{"line":3,"column":28}},"loc":{"start":{"line":3,"column":57},"end":{"line":14,"column":1}},"line":3},"1":{"name":"(anonymous_1)","decl":{"start":{"line":6,"column":11},"end":{"line":6,"column":12}},"loc":{"start":{"line":6,"column":17},"end":{"line":11,"column":2}},"line":6},"2":{"name":"(anonymous_2)","decl":{"start":{"line":7,"column":29},"end":{"line":7,"column":30}},"loc":{"start":{"line":7,"column":35},"end":{"line":9,"column":3}},"line":7},"3":{"name":"(anonymous_3)","decl":{"start":{"line":10,"column":9},"end":{"line":10,"column":10}},"loc":{"start":{"line":10,"column":15},"end":{"line":10,"column":36}},"line":10}},"branchMap":{"0":{"loc":{"start":{"line":3,"column":41},"end":{"line":3,"column":52}},"type":"default-arg","locations":[{"start":{"line":3,"column":49},"end":{"line":3,"column":52}}],"line":3}},"s":{"0":2,"1":26,"2":26,"3":10,"4":0,"5":10,"6":10,"7":26},"f":{"0":26,"1":10,"2":0,"3":10},"b":{"0":[26]},"_coverageSchema":"1a1c01bbd47fc00a2c39e90264f33305004495a9","hash":"5eec2983b41cf886e39ed8bfacae2dd0b6c50f49"}
,"D:\\frontend\\Hiring\\Youtube\\src\\hooks\\useOnClickOutside.ts": {"path":"D:\\frontend\\Hiring\\Youtube\\src\\hooks\\useOnClickOutside.ts","statementMap":{"0":{"start":{"line":9,"column":1},"end":{"line":30,"column":19}},"1":{"start":{"line":10,"column":19},"end":{"line":19,"column":3}},"2":{"start":{"line":11,"column":14},"end":{"line":11,"column":26}},"3":{"start":{"line":14,"column":3},"end":{"line":16,"column":4}},"4":{"start":{"line":15,"column":4},"end":{"line":15,"column":10}},"5":{"start":{"line":18,"column":3},"end":{"line":18,"column":17}},"6":{"start":{"line":21,"column":2},"end":{"line":21,"column":50}},"7":{"start":{"line":22,"column":2},"end":{"line":22,"column":51}},"8":{"start":{"line":24,"column":2},"end":{"line":27,"column":3}},"9":{"start":{"line":25,"column":3},"end":{"line":25,"column":54}},"10":{"start":{"line":26,"column":3},"end":{"line":26,"column":55}}},"fnMap":{"0":{"name":"useOnClickOutside","decl":{"start":{"line":5,"column":9},"end":{"line":5,"column":26}},"loc":{"start":{"line":8,"column":8},"end":{"line":31,"column":1}},"line":8},"1":{"name":"(anonymous_1)","decl":{"start":{"line":9,"column":11},"end":{"line":9,"column":12}},"loc":{"start":{"line":9,"column":17},"end":{"line":30,"column":2}},"line":9},"2":{"name":"(anonymous_2)","decl":{"start":{"line":10,"column":19},"end":{"line":10,"column":20}},"loc":{"start":{"line":10,"column":40},"end":{"line":19,"column":3}},"line":10},"3":{"name":"(anonymous_3)","decl":{"start":{"line":24,"column":9},"end":{"line":24,"column":10}},"loc":{"start":{"line":24,"column":15},"end":{"line":27,"column":3}},"line":24}},"branchMap":{"0":{"loc":{"start":{"line":14,"column":3},"end":{"line":16,"column":4}},"type":"if","locations":[{"start":{"line":14,"column":3},"end":{"line":16,"column":4}},{"start":{},"end":{}}],"line":14},"1":{"loc":{"start":{"line":14,"column":7},"end":{"line":14,"column":47}},"type":"binary-expr","locations":[{"start":{"line":14,"column":7},"end":{"line":14,"column":10}},{"start":{"line":14,"column":14},"end":{"line":14,"column":47}}],"line":14}},"s":{"0":26,"1":24,"2":0,"3":0,"4":0,"5":0,"6":24,"7":24,"8":24,"9":24,"10":24},"f":{"0":26,"1":24,"2":0,"3":24},"b":{"0":[0,0],"1":[0,0]},"_coverageSchema":"1a1c01bbd47fc00a2c39e90264f33305004495a9","hash":"305e1a615b773123fa04b2e8bc76e089bc592140"}
,"D:\\frontend\\Hiring\\Youtube\\src\\hooks\\useScrollLock.ts": {"path":"D:\\frontend\\Hiring\\Youtube\\src\\hooks\\useScrollLock.ts","statementMap":{"0":{"start":{"line":3,"column":29},"end":{"line":15,"column":1}},"1":{"start":{"line":4,"column":20},"end":{"line":7,"column":7}},"2":{"start":{"line":5,"column":2},"end":{"line":5,"column":41}},"3":{"start":{"line":6,"column":2},"end":{"line":6,"column":42}},"4":{"start":{"line":9,"column":22},"end":{"line":12,"column":7}},"5":{"start":{"line":10,"column":2},"end":{"line":10,"column":40}},"6":{"start":{"line":11,"column":2},"end":{"line":11,"column":43}},"7":{"start":{"line":14,"column":1},"end":{"line":14,"column":34}}},"fnMap":{"0":{"name":"(anonymous_0)","decl":{"start":{"line":3,"column":29},"end":{"line":3,"column":30}},"loc":{"start":{"line":3,"column":35},"end":{"line":15,"column":1}},"line":3},"1":{"name":"(anonymous_1)","decl":{"start":{"line":4,"column":38},"end":{"line":4,"column":39}},"loc":{"start":{"line":4,"column":44},"end":{"line":7,"column":2}},"line":4},"2":{"name":"(anonymous_2)","decl":{"start":{"line":9,"column":40},"end":{"line":9,"column":41}},"loc":{"start":{"line":9,"column":46},"end":{"line":12,"column":2}},"line":9}},"branchMap":{},"s":{"0":3,"1":5,"2":4,"3":4,"4":5,"5":5,"6":5,"7":5},"f":{"0":5,"1":4,"2":5},"b":{},"_coverageSchema":"1a1c01bbd47fc00a2c39e90264f33305004495a9","hash":"2ff069c6b6e467ca5de529308ff33c77ad8f26af"}
,"D:\\frontend\\Hiring\\Youtube\\src\\hooks\\useTypedSelector.ts": {"path":"D:\\frontend\\Hiring\\Youtube\\src\\hooks\\useTypedSelector.ts","statementMap":{"0":{"start":{"line":4,"column":65},"end":{"line":4,"column":76}}},"fnMap":{},"branchMap":{},"s":{"0":3},"f":{},"b":{},"_coverageSchema":"1a1c01bbd47fc00a2c39e90264f33305004495a9","hash":"c70a9f328657d64fe0bc28b3853242b9e065f696"}
,"D:\\frontend\\Hiring\\Youtube\\src\\store\\store.ts": {"path":"D:\\frontend\\Hiring\\Youtube\\src\\store\\store.ts","statementMap":{"0":{"start":{"line":17,"column":22},"end":{"line":21,"column":1}},"1":{"start":{"line":23,"column":30},"end":{"line":23,"column":79}},"2":{"start":{"line":25,"column":20},"end":{"line":29,"column":2}},"3":{"start":{"line":31,"column":21},"end":{"line":42,"column":2}},"4":{"start":{"line":38,"column":2},"end":{"line":41,"column":32}},"5":{"start":{"line":44,"column":25},"end":{"line":44,"column":44}},"6":{"start":{"line":50,"column":1},"end":{"line":57,"column":3}},"7":{"start":{"line":53,"column":3},"end":{"line":56,"column":33}}},"fnMap":{"0":{"name":"(anonymous_0)","decl":{"start":{"line":37,"column":13},"end":{"line":37,"column":14}},"loc":{"start":{"line":38,"column":2},"end":{"line":41,"column":32}},"line":38},"1":{"name":"setupStore","decl":{"start":{"line":49,"column":16},"end":{"line":49,"column":26}},"loc":{"start":{"line":49,"column":29},"end":{"line":58,"column":1}},"line":49},"2":{"name":"(anonymous_2)","decl":{"start":{"line":52,"column":14},"end":{"line":52,"column":15}},"loc":{"start":{"line":53,"column":3},"end":{"line":56,"column":33}},"line":53}},"branchMap":{},"s":{"0":11,"1":11,"2":11,"3":11,"4":11,"5":11,"6":27,"7":27},"f":{"0":11,"1":27,"2":27},"b":{},"_coverageSchema":"1a1c01bbd47fc00a2c39e90264f33305004495a9","hash":"0ecd1fd355af739a014ac593b86ce199cb9a70f5"}
,"D:\\frontend\\Hiring\\Youtube\\src\\store\\api\\api.ts": {"path":"D:\\frontend\\Hiring\\Youtube\\src\\store\\api\\api.ts","statementMap":{"0":{"start":{"line":4,"column":24},"end":{"line":56,"column":2}},"1":{"start":{"line":7,"column":26},"end":{"line":55,"column":2}},"2":{"start":{"line":10,"column":48},"end":{"line":24,"column":5}},"3":{"start":{"line":26,"column":5},"end":{"line":26,"column":34}},"4":{"start":{"line":29,"column":5},"end":{"line":36,"column":27}},"5":{"start":{"line":30,"column":6},"end":{"line":34,"column":8}},"6":{"start":{"line":31,"column":7},"end":{"line":33,"column":8}},"7":{"start":{"line":31,"column":47},"end":{"line":31,"column":87}},"8":{"start":{"line":32,"column":8},"end":{"line":32,"column":41}},"9":{"start":{"line":35,"column":6},"end":{"line":35,"column":57}},"10":{"start":{"line":36,"column":12},"end":{"line":36,"column":27}},"11":{"start":{"line":39,"column":5},"end":{"line":39,"column":60}},"12":{"start":{"line":44,"column":22},"end":{"line":53,"column":4}},"13":{"start":{"line":58,"column":66},"end":{"line":58,"column":74}}},"fnMap":{"0":{"name":"(anonymous_0)","decl":{"start":{"line":7,"column":12},"end":{"line":7,"column":13}},"loc":{"start":{"line":7,"column":26},"end":{"line":55,"column":2}},"line":7},"1":{"name":"(anonymous_1)","decl":{"start":{"line":10,"column":11},"end":{"line":10,"column":12}},"loc":{"start":{"line":10,"column":48},"end":{"line":24,"column":5}},"line":10},"2":{"name":"(anonymous_2)","decl":{"start":{"line":25,"column":24},"end":{"line":25,"column":25}},"loc":{"start":{"line":25,"column":64},"end":{"line":27,"column":5}},"line":25},"3":{"name":"(anonymous_3)","decl":{"start":{"line":28,"column":11},"end":{"line":28,"column":12}},"loc":{"start":{"line":28,"column":39},"end":{"line":37,"column":5}},"line":28},"4":{"name":"(anonymous_4)","decl":{"start":{"line":30,"column":29},"end":{"line":30,"column":30}},"loc":{"start":{"line":30,"column":43},"end":{"line":34,"column":7}},"line":30},"5":{"name":"(anonymous_5)","decl":{"start":{"line":31,"column":36},"end":{"line":31,"column":37}},"loc":{"start":{"line":31,"column":47},"end":{"line":31,"column":87}},"line":31},"6":{"name":"(anonymous_6)","decl":{"start":{"line":38,"column":4},"end":{"line":38,"column":5}},"loc":{"start":{"line":38,"column":46},"end":{"line":40,"column":5}},"line":38},"7":{"name":"(anonymous_7)","decl":{"start":{"line":44,"column":10},"end":{"line":44,"column":11}},"loc":{"start":{"line":44,"column":22},"end":{"line":53,"column":4}},"line":44}},"branchMap":{"0":{"loc":{"start":{"line":14,"column":9},"end":{"line":14,"column":20}},"type":"binary-expr","locations":[{"start":{"line":14,"column":9},"end":{"line":14,"column":14}},{"start":{"line":14,"column":18},"end":{"line":14,"column":20}}],"line":14},"1":{"loc":{"start":{"line":19,"column":17},"end":{"line":19,"column":32}},"type":"binary-expr","locations":[{"start":{"line":19,"column":17},"end":{"line":19,"column":26}},{"start":{"line":19,"column":30},"end":{"line":19,"column":32}}],"line":19},"2":{"loc":{"start":{"line":21,"column":23},"end":{"line":21,"column":39}},"type":"binary-expr","locations":[{"start":{"line":21,"column":23},"end":{"line":21,"column":31}},{"start":{"line":21,"column":35},"end":{"line":21,"column":39}}],"line":21},"3":{"loc":{"start":{"line":29,"column":5},"end":{"line":36,"column":27}},"type":"if","locations":[{"start":{"line":29,"column":5},"end":{"line":36,"column":27}},{"start":{"line":36,"column":12},"end":{"line":36,"column":27}}],"line":29},"4":{"loc":{"start":{"line":31,"column":7},"end":{"line":33,"column":8}},"type":"if","locations":[{"start":{"line":31,"column":7},"end":{"line":33,"column":8}},{"start":{},"end":{}}],"line":31},"5":{"loc":{"start":{"line":51,"column":12},"end":{"line":51,"column":23}},"type":"binary-expr","locations":[{"start":{"line":51,"column":12},"end":{"line":51,"column":17}},{"start":{"line":51,"column":21},"end":{"line":51,"column":23}}],"line":51}},"s":{"0":11,"1":11,"2":7,"3":43,"4":1,"5":0,"6":0,"7":0,"8":0,"9":0,"10":1,"11":7,"12":7,"13":11},"f":{"0":11,"1":7,"2":43,"3":1,"4":0,"5":0,"6":7,"7":7},"b":{"0":[7,7],"1":[7,6],"2":[7,7],"3":[0,1],"4":[0,0],"5":[7,7]},"_coverageSchema":"1a1c01bbd47fc00a2c39e90264f33305004495a9","hash":"280c10460b56563200d27f037352b3be4a7ba8cc"}
,"D:\\frontend\\Hiring\\Youtube\\src\\store\\slice\\filterSlice.ts": {"path":"D:\\frontend\\Hiring\\Youtube\\src\\store\\slice\\filterSlice.ts","statementMap":{"0":{"start":{"line":8,"column":36},"end":{"line":11,"column":1}},"1":{"start":{"line":13,"column":20},"end":{"line":24,"column":2}},"2":{"start":{"line":18,"column":3},"end":{"line":18,"column":31}},"3":{"start":{"line":21,"column":3},"end":{"line":21,"column":34}}},"fnMap":{"0":{"name":"(anonymous_0)","decl":{"start":{"line":17,"column":12},"end":{"line":17,"column":13}},"loc":{"start":{"line":17,"column":31},"end":{"line":19,"column":3}},"line":17},"1":{"name":"(anonymous_1)","decl":{"start":{"line":20,"column":15},"end":{"line":20,"column":16}},"loc":{"start":{"line":20,"column":34},"end":{"line":22,"column":3}},"line":20}},"branchMap":{},"s":{"0":11,"1":11,"2":3,"3":1},"f":{"0":3,"1":1},"b":{},"_coverageSchema":"1a1c01bbd47fc00a2c39e90264f33305004495a9","hash":"49d7a7d318fc8fc7a5e58a7750a77089e521fcba"}
,"D:\\frontend\\Hiring\\Youtube\\src\\store\\slice\\rootActions.ts": {"path":"D:\\frontend\\Hiring\\Youtube\\src\\store\\slice\\rootActions.ts","statementMap":{"0":{"start":{"line":4,"column":20},"end":{"line":7,"column":1}}},"fnMap":{},"branchMap":{},"s":{"0":4},"f":{},"b":{},"_coverageSchema":"1a1c01bbd47fc00a2c39e90264f33305004495a9","hash":"3d68463df7e0eba81c75c1ac3fa15aeb85da6da0"}
,"D:\\frontend\\Hiring\\Youtube\\src\\store\\slice\\themeSlice.ts": {"path":"D:\\frontend\\Hiring\\Youtube\\src\\store\\slice\\themeSlice.ts","statementMap":{"0":{"start":{"line":12,"column":36},"end":{"line":14,"column":1}},"1":{"start":{"line":16,"column":19},"end":{"line":24,"column":2}},"2":{"start":{"line":21,"column":3},"end":{"line":21,"column":31}}},"fnMap":{"0":{"name":"(anonymous_0)","decl":{"start":{"line":20,"column":12},"end":{"line":20,"column":13}},"loc":{"start":{"line":20,"column":31},"end":{"line":22,"column":3}},"line":20}},"branchMap":{},"s":{"0":11,"1":11,"2":2},"f":{"0":2},"b":{},"_coverageSchema":"1a1c01bbd47fc00a2c39e90264f33305004495a9","hash":"43c8159380067c690a8ceb8212701c31aa66f161"}
,"D:\\frontend\\Hiring\\Youtube\\src\\types\\declarations.d.ts": {"path":"D:\\frontend\\Hiring\\Youtube\\src\\types\\declarations.d.ts","statementMap":{},"fnMap":{},"branchMap":{},"s":{},"f":{},"b":{}}
,"D:\\frontend\\Hiring\\Youtube\\src\\types\\interfaces.ts": {"path":"D:\\frontend\\Hiring\\Youtube\\src\\types\\interfaces.ts","statementMap":{},"fnMap":{},"branchMap":{},"s":{},"f":{},"b":{}}
,"D:\\frontend\\Hiring\\Youtube\\src\\utils\\mockValues.ts": {"path":"D:\\frontend\\Hiring\\Youtube\\src\\utils\\mockValues.ts","statementMap":{"0":{"start":{"line":1,"column":39},"end":{"line":30,"column":1}}},"fnMap":{},"branchMap":{},"s":{"0":2},"f":{},"b":{},"_coverageSchema":"1a1c01bbd47fc00a2c39e90264f33305004495a9","hash":"6e63b7d46395d8ddde942271c9b31d4d23d83ff9"}
,"D:\\frontend\\Hiring\\Youtube\\src\\utils\\testWrapper.tsx": {"path":"D:\\frontend\\Hiring\\Youtube\\src\\utils\\testWrapper.tsx","statementMap":{"0":{"start":{"line":24,"column":2},"end":{"line":28,"column":3}},"1":{"start":{"line":30,"column":1},"end":{"line":30,"column":72}}},"fnMap":{"0":{"name":"renderWithProviders","decl":{"start":{"line":13,"column":16},"end":{"line":13,"column":35}},"loc":{"start":{"line":22,"column":2},"end":{"line":31,"column":1}},"line":22},"1":{"name":"Wrapper","decl":{"start":{"line":23,"column":10},"end":{"line":23,"column":17}},"loc":{"start":{"line":23,"column":68},"end":{"line":29,"column":2}},"line":23}},"branchMap":{"0":{"loc":{"start":{"line":15,"column":1},"end":{"line":21,"column":30}},"type":"default-arg","locations":[{"start":{"line":21,"column":28},"end":{"line":21,"column":30}}],"line":15},"1":{"loc":{"start":{"line":16,"column":2},"end":{"line":16,"column":21}},"type":"default-arg","locations":[{"start":{"line":16,"column":19},"end":{"line":16,"column":21}}],"line":16},"2":{"loc":{"start":{"line":19,"column":2},"end":{"line":19,"column":36}},"type":"default-arg","locations":[{"start":{"line":19,"column":10},"end":{"line":19,"column":36}}],"line":19}},"s":{"0":27,"1":27},"f":{"0":27,"1":27},"b":{"0":[27],"1":[27],"2":[27]},"_coverageSchema":"1a1c01bbd47fc00a2c39e90264f33305004495a9","hash":"27e955e20af2a77c0fa79761e27c0a50837fe838"}
}
