TN:
SF:src\App.tsx
FN:10,(anonymous_0)
FN:11,(anonymous_1)
FNF:2
FNH:0
FNDA:0,(anonymous_0)
FNDA:0,(anonymous_1)
DA:10,0
DA:11,0
DA:13,0
LF:3
LH:0
BRF:0
BRH:0
end_of_record
TN:
SF:src\declarations.d.ts
FNF:0
FNH:0
LF:0
LH:0
BRF:0
BRH:0
end_of_record
TN:
SF:src\global.styles.ts
FN:75,(anonymous_0)
FN:94,(anonymous_1)
FN:95,(anonymous_2)
FN:127,(anonymous_3)
FNF:4
FNH:0
FNDA:0,(anonymous_0)
FNDA:0,(anonymous_1)
FNDA:0,(anonymous_2)
FNDA:0,(anonymous_3)
DA:7,12
DA:16,12
DA:25,12
DA:75,0
DA:94,0
DA:95,0
DA:109,12
DA:127,0
DA:141,12
DA:155,12
LF:10
LH:6
BRF:0
BRH:0
end_of_record
TN:
SF:src\index.tsx
FNF:0
FNH:0
DA:7,0
LF:1
LH:0
BRF:0
BRH:0
end_of_record
TN:
SF:src\assets\fonts\fonts.d.ts
FNF:0
FNH:0
LF:0
LH:0
BRF:0
BRH:0
end_of_record
TN:
SF:src\components\Buttons\BurgerButton\index.tsx
FN:8,(anonymous_0)
FN:16,(anonymous_1)
FNF:2
FNH:1
FNDA:1,(anonymous_0)
FNDA:0,(anonymous_1)
DA:8,1
DA:12,1
DA:16,0
LF:3
LH:2
BRF:0
BRH:0
end_of_record
TN:
SF:src\components\Buttons\BurgerButton\styled.ts
FNF:0
FNH:0
DA:4,1
DA:15,1
DA:39,1
LF:3
LH:3
BRF:0
BRH:0
end_of_record
TN:
SF:src\components\Buttons\Button\index.tsx
FN:8,(anonymous_0)
FN:9,(anonymous_1)
FNF:2
FNH:2
FNDA:12,(anonymous_0)
FNDA:2,(anonymous_1)
DA:8,2
DA:9,12
LF:2
LH:2
BRF:0
BRH:0
end_of_record
TN:
SF:src\components\Buttons\Button\styled.ts
FNF:0
FNH:0
DA:4,2
LF:1
LH:1
BRF:0
BRH:0
end_of_record
TN:
SF:src\components\CategoryBar\index.tsx
FN:8,(anonymous_0)
FN:12,(anonymous_1)
FN:21,(anonymous_2)
FNF:3
FNH:3
FNDA:3,(anonymous_0)
FNDA:1,(anonymous_1)
FNDA:18,(anonymous_2)
DA:8,2
DA:9,3
DA:10,3
DA:12,3
DA:13,1
DA:14,1
DA:15,1
DA:18,3
DA:22,18
LF:9
LH:9
BRF:0
BRH:0
end_of_record
TN:
SF:src\components\CategoryBar\styled.ts
FN:18,(anonymous_0)
FN:20,(anonymous_1)
FNF:2
FNH:2
FNDA:18,(anonymous_0)
FNDA:18,(anonymous_1)
DA:4,2
DA:9,2
DA:19,18
DA:20,18
DA:31,2
LF:5
LH:5
BRDA:19,0,0,3
BRDA:19,0,1,15
BRDA:20,1,0,3
BRDA:20,1,1,15
BRF:4
BRH:4
end_of_record
TN:
SF:src\components\ErrorBoundary\ErrorBoundary.tsx
FN:13,(anonymous_0)
FN:18,(anonymous_1)
FN:23,(anonymous_2)
FN:28,(anonymous_3)
FNF:4
FNH:3
FNDA:12,(anonymous_0)
FNDA:4,(anonymous_1)
FNDA:0,(anonymous_2)
FNDA:33,(anonymous_3)
DA:14,12
DA:15,12
DA:19,4
DA:20,4
DA:24,0
DA:25,0
DA:29,33
DA:30,4
DA:33,29
LF:9
LH:7
BRDA:29,0,0,4
BRDA:29,0,1,29
BRF:2
BRH:2
end_of_record
TN:
SF:src\components\FilmCard\index.tsx
FN:21,(anonymous_0)
FNF:1
FNH:1
FNDA:14,(anonymous_0)
DA:21,2
DA:28,14
LF:2
LH:2
BRDA:33,0,0,13
BRDA:33,0,1,1
BRF:2
BRH:2
end_of_record
TN:
SF:src\components\FilmCard\styled.ts
FN:44,(anonymous_0)
FN:60,(anonymous_1)
FN:82,(anonymous_2)
FNF:3
FNH:3
FNDA:14,(anonymous_0)
FNDA:14,(anonymous_1)
FNDA:14,(anonymous_2)
DA:4,2
DA:19,2
DA:37,2
DA:44,14
DA:56,2
DA:60,14
DA:67,2
DA:76,2
DA:82,14
DA:85,2
LF:10
LH:10
BRF:0
BRH:0
end_of_record
TN:
SF:src\components\FilmCards\index.tsx
FN:13,(anonymous_0)
FN:14,(anonymous_1)
FN:23,(anonymous_2)
FN:29,(anonymous_3)
FN:57,(anonymous_4)
FN:65,(anonymous_5)
FN:83,(anonymous_6)
FNF:7
FNH:7
FNDA:23,(anonymous_0)
FNDA:41,(anonymous_1)
FNDA:2,(anonymous_2)
FNDA:1,(anonymous_3)
FNDA:11,(anonymous_4)
FNDA:2,(anonymous_5)
FNDA:1,(anonymous_6)
DA:13,1
DA:14,41
DA:16,23
DA:17,23
DA:19,23
DA:21,23
DA:23,23
DA:24,2
DA:25,2
DA:26,2
DA:29,23
DA:30,1
DA:33,23
DA:34,12
DA:45,11
DA:46,1
DA:53,10
DA:58,11
DA:65,2
DA:83,1
LF:20
LH:20
BRDA:30,0,0,1
BRDA:30,0,1,1
BRDA:33,1,0,12
BRDA:33,1,1,11
BRDA:45,2,0,1
BRDA:45,2,1,10
BRDA:45,3,0,11
BRDA:45,3,1,11
BRDA:56,4,0,10
BRDA:56,4,1,10
BRDA:70,5,0,10
BRDA:70,5,1,10
BRDA:82,6,0,10
BRDA:82,6,1,2
BRF:14
BRH:14
end_of_record
TN:
SF:src\components\FilmCards\styled.ts
FNF:0
FNH:0
DA:4,3
DA:27,3
DA:32,3
LF:3
LH:3
BRF:0
BRH:0
end_of_record
TN:
SF:src\components\Footer\index.tsx
FN:16,(anonymous_0)
FNF:1
FNH:1
FNDA:1,(anonymous_0)
DA:16,1
DA:17,1
LF:2
LH:2
BRF:0
BRH:0
end_of_record
TN:
SF:src\components\Footer\styled.ts
FN:55,(anonymous_0)
FN:72,(anonymous_1)
FN:109,(anonymous_2)
FNF:3
FNH:3
FNDA:2,(anonymous_0)
FNDA:1,(anonymous_1)
FNDA:1,(anonymous_2)
DA:4,1
DA:8,1
DA:27,1
DA:54,1
DA:55,2
DA:71,1
DA:72,1
DA:88,1
DA:92,1
DA:109,1
LF:10
LH:10
BRF:0
BRH:0
end_of_record
TN:
SF:src\components\Header\index.tsx
FN:11,(anonymous_0)
FN:19,(anonymous_1)
FN:19,(anonymous_2)
FNF:3
FNH:1
FNDA:1,(anonymous_0)
FNDA:0,(anonymous_1)
FNDA:0,(anonymous_2)
DA:11,1
DA:12,1
DA:13,1
DA:19,0
LF:4
LH:3
BRF:0
BRH:0
end_of_record
TN:
SF:src\components\Header\styled.ts
FN:9,(anonymous_0)
FNF:1
FNH:1
FNDA:1,(anonymous_0)
DA:4,1
DA:9,1
DA:24,1
DA:34,1
LF:4
LH:4
BRF:0
BRH:0
end_of_record
TN:
SF:src\components\Logo\index.tsx
FN:4,(anonymous_0)
FNF:1
FNH:1
FNDA:1,(anonymous_0)
DA:4,1
DA:5,1
LF:2
LH:2
BRF:0
BRH:0
end_of_record
TN:
SF:src\components\Logo\styled.ts
FNF:0
FNH:0
DA:4,1
LF:1
LH:1
BRF:0
BRH:0
end_of_record
TN:
SF:src\components\Menu\index.tsx
FN:9,(anonymous_0)
FN:12,(anonymous_1)
FN:17,(anonymous_2)
FNF:3
FNH:3
FNDA:1,(anonymous_0)
FNDA:1,(anonymous_1)
FNDA:1,(anonymous_2)
DA:9,1
DA:10,1
DA:12,1
DA:13,1
DA:14,0
DA:17,1
DA:20,1
LF:7
LH:6
BRDA:13,0,0,0
BRDA:13,0,1,1
BRF:2
BRH:1
end_of_record
TN:
SF:src\components\Menu\styled.ts
FN:24,(anonymous_0)
FNF:1
FNH:1
FNDA:1,(anonymous_0)
DA:4,1
DA:25,1
LF:2
LH:2
BRDA:25,0,0,1
BRDA:25,0,1,0
BRF:2
BRH:1
end_of_record
TN:
SF:src\components\PopUp\index.tsx
FN:12,(anonymous_0)
FN:16,(anonymous_1)
FN:20,(anonymous_2)
FN:23,(anonymous_3)
FNF:4
FNH:4
FNDA:4,(anonymous_0)
FNDA:2,(anonymous_1)
FNDA:4,(anonymous_2)
FNDA:4,(anonymous_3)
DA:12,2
DA:13,4
DA:14,4
DA:16,4
DA:17,2
DA:20,4
DA:21,4
DA:23,4
DA:26,4
LF:9
LH:9
BRDA:17,0,0,2
BRDA:17,0,1,0
BRF:2
BRH:1
end_of_record
TN:
SF:src\components\PopUp\styled.ts
FNF:0
FNH:0
DA:4,2
DA:17,2
DA:38,2
LF:3
LH:3
BRF:0
BRH:0
end_of_record
TN:
SF:src\components\SearchBar\index.tsx
FN:22,(anonymous_0)
FN:29,(anonymous_1)
FN:38,(anonymous_2)
FN:43,(anonymous_3)
FN:47,(anonymous_4)
FN:63,(anonymous_5)
FN:66,(anonymous_6)
FN:76,(anonymous_7)
FNF:8
FNH:5
FNDA:26,(anonymous_0)
FNDA:0,(anonymous_1)
FNDA:0,(anonymous_2)
FNDA:2,(anonymous_3)
FNDA:2,(anonymous_4)
FNDA:0,(anonymous_5)
FNDA:4,(anonymous_6)
FNDA:1,(anonymous_7)
DA:22,2
DA:23,26
DA:24,26
DA:25,26
DA:26,26
DA:27,26
DA:29,26
DA:30,0
DA:34,0
DA:38,26
DA:39,26
DA:41,26
DA:43,26
DA:44,2
DA:47,26
DA:48,2
DA:49,2
DA:50,2
DA:51,2
DA:52,2
DA:55,26
DA:64,0
DA:66,4
DA:77,1
DA:78,1
DA:79,1
DA:80,1
LF:27
LH:24
BRDA:30,0,0,0
BRDA:30,0,1,0
BRDA:31,1,0,0
BRDA:31,1,1,0
BRDA:71,2,0,26
BRDA:71,2,1,9
BRDA:71,2,2,4
BRF:7
BRH:3
end_of_record
TN:
SF:src\components\SearchBar\styled.ts
FN:26,(anonymous_0)
FN:39,(anonymous_1)
FN:48,(anonymous_2)
FNF:3
FNH:3
FNDA:24,(anonymous_0)
FNDA:24,(anonymous_1)
FNDA:24,(anonymous_2)
DA:4,2
DA:11,2
DA:19,2
DA:26,24
DA:38,2
DA:39,24
DA:48,24
DA:52,2
LF:8
LH:8
BRF:0
BRH:0
end_of_record
TN:
SF:src\components\SearchHints\index.tsx
FN:9,(anonymous_0)
FN:20,(anonymous_1)
FN:27,(anonymous_2)
FNF:3
FNH:3
FNDA:6,(anonymous_0)
FNDA:5,(anonymous_1)
FNDA:2,(anonymous_2)
DA:9,3
DA:14,6
DA:21,5
DA:27,2
LF:4
LH:4
BRDA:16,0,0,1
BRDA:16,0,1,5
BRDA:19,1,0,5
BRDA:19,1,1,5
BRF:4
BRH:4
end_of_record
TN:
SF:src\components\SearchHints\styled.ts
FNF:0
FNH:0
DA:3,3
DA:12,3
LF:2
LH:2
BRF:0
BRH:0
end_of_record
TN:
SF:src\components\ThemeToggler\index.tsx
FN:12,(anonymous_0)
FN:14,(anonymous_1)
FN:17,(anonymous_2)
FNF:3
FNH:3
FNDA:5,(anonymous_0)
FNDA:12,(anonymous_1)
FNDA:2,(anonymous_2)
DA:12,2
DA:13,5
DA:14,12
DA:16,5
DA:17,5
DA:18,2
DA:19,2
DA:22,5
LF:8
LH:8
BRDA:16,0,0,1
BRDA:16,0,1,4
BRDA:19,1,0,1
BRDA:19,1,1,1
BRF:4
BRH:4
end_of_record
TN:
SF:src\components\ThemeToggler\styled.ts
FNF:0
FNH:0
DA:4,2
DA:10,2
DA:16,2
DA:28,2
LF:4
LH:4
BRF:0
BRH:0
end_of_record
TN:
SF:src\components\icons\FbIcon.tsx
FN:1,(anonymous_0)
FNF:1
FNH:1
FNDA:1,(anonymous_0)
DA:1,1
DA:2,1
LF:2
LH:2
BRF:0
BRH:0
end_of_record
TN:
SF:src\components\icons\IgIcon.tsx
FN:1,(anonymous_0)
FNF:1
FNH:1
FNDA:1,(anonymous_0)
DA:1,1
DA:2,1
LF:2
LH:2
BRF:0
BRH:0
end_of_record
TN:
SF:src\components\icons\InIcon.tsx
FN:1,(anonymous_0)
FNF:1
FNH:1
FNDA:1,(anonymous_0)
DA:1,1
DA:2,1
LF:2
LH:2
BRF:0
BRH:0
end_of_record
TN:
SF:src\components\icons\SearchIcon.tsx
FN:1,(anonymous_0)
FNF:1
FNH:1
FNDA:24,(anonymous_0)
DA:1,2
DA:2,24
LF:2
LH:2
BRF:0
BRH:0
end_of_record
TN:
SF:src\components\icons\TwIcon.tsx
FN:1,(anonymous_0)
FNF:1
FNH:1
FNDA:1,(anonymous_0)
DA:1,1
DA:2,1
LF:2
LH:2
BRF:0
BRH:0
end_of_record
TN:
SF:src\components\icons\UserIcon.tsx
FN:1,(anonymous_0)
FNF:1
FNH:0
FNDA:0,(anonymous_0)
DA:1,0
DA:2,0
LF:2
LH:0
BRF:0
BRH:0
end_of_record
TN:
SF:src\components\icons\YtIcon.tsx
FN:1,(anonymous_0)
FNF:1
FNH:1
FNDA:15,(anonymous_0)
DA:1,3
DA:2,15
LF:2
LH:2
BRF:0
BRH:0
end_of_record
TN:
SF:src\components\skeletons\index.tsx
FN:10,(anonymous_0)
FNF:1
FNH:1
FNDA:61,(anonymous_0)
DA:10,2
DA:11,61
LF:2
LH:2
BRF:0
BRH:0
end_of_record
TN:
SF:src\components\skeletons\styled.ts
FNF:0
FNH:0
DA:3,2
DA:12,2
DA:20,2
DA:30,2
DA:35,2
DA:49,2
DA:59,2
LF:7
LH:7
BRF:0
BRH:0
end_of_record
TN:
SF:src\hooks\useActions.ts
FN:8,(anonymous_0)
FN:11,(anonymous_1)
FNF:2
FNH:2
FNDA:34,(anonymous_0)
FNDA:13,(anonymous_1)
DA:8,4
DA:9,34
DA:11,34
LF:3
LH:3
BRF:0
BRH:0
end_of_record
TN:
SF:src\hooks\useDebounce.ts
FN:3,(anonymous_0)
FN:6,(anonymous_1)
FN:7,(anonymous_2)
FN:10,(anonymous_3)
FNF:4
FNH:3
FNDA:26,(anonymous_0)
FNDA:10,(anonymous_1)
FNDA:0,(anonymous_2)
FNDA:10,(anonymous_3)
DA:3,2
DA:4,26
DA:6,26
DA:7,10
DA:8,0
DA:10,10
DA:13,26
LF:7
LH:6
BRDA:3,0,0,26
BRF:1
BRH:1
end_of_record
TN:
SF:src\hooks\useOnClickOutside.ts
FN:5,useOnClickOutside
FN:9,(anonymous_1)
FN:10,(anonymous_2)
FN:24,(anonymous_3)
FNF:4
FNH:3
FNDA:26,useOnClickOutside
FNDA:24,(anonymous_1)
FNDA:0,(anonymous_2)
FNDA:24,(anonymous_3)
DA:9,26
DA:10,24
DA:11,0
DA:14,0
DA:15,0
DA:18,0
DA:21,24
DA:22,24
DA:24,24
DA:25,24
DA:26,24
LF:11
LH:7
BRDA:14,0,0,0
BRDA:14,0,1,0
BRDA:14,1,0,0
BRDA:14,1,1,0
BRF:4
BRH:0
end_of_record
TN:
SF:src\hooks\useScrollLock.ts
FN:3,(anonymous_0)
FN:4,(anonymous_1)
FN:9,(anonymous_2)
FNF:3
FNH:3
FNDA:5,(anonymous_0)
FNDA:4,(anonymous_1)
FNDA:5,(anonymous_2)
DA:3,3
DA:4,5
DA:5,4
DA:6,4
DA:9,5
DA:10,5
DA:11,5
DA:14,5
LF:8
LH:8
BRF:0
BRH:0
end_of_record
TN:
SF:src\hooks\useTypedSelector.ts
FNF:0
FNH:0
DA:4,3
LF:1
LH:1
BRF:0
BRH:0
end_of_record
TN:
SF:src\store\api.ts
FN:7,(anonymous_0)
FN:10,(anonymous_1)
FN:25,(anonymous_2)
FN:28,(anonymous_3)
FN:30,(anonymous_4)
FN:31,(anonymous_5)
FN:38,(anonymous_6)
FN:44,(anonymous_7)
FNF:8
FNH:6
FNDA:11,(anonymous_0)
FNDA:7,(anonymous_1)
FNDA:43,(anonymous_2)
FNDA:1,(anonymous_3)
FNDA:0,(anonymous_4)
FNDA:0,(anonymous_5)
FNDA:7,(anonymous_6)
FNDA:7,(anonymous_7)
DA:4,11
DA:7,11
DA:10,7
DA:26,43
DA:29,1
DA:30,0
DA:31,0
DA:32,0
DA:35,0
DA:36,1
DA:39,7
DA:44,7
DA:58,11
LF:13
LH:9
BRDA:14,0,0,7
BRDA:14,0,1,7
BRDA:19,1,0,7
BRDA:19,1,1,6
BRDA:21,2,0,7
BRDA:21,2,1,7
BRDA:29,3,0,0
BRDA:29,3,1,1
BRDA:31,4,0,0
BRDA:31,4,1,0
BRDA:51,5,0,7
BRDA:51,5,1,7
BRF:12
BRH:9
end_of_record
TN:
SF:src\store\filterSlice.ts
FN:17,(anonymous_0)
FN:20,(anonymous_1)
FNF:2
FNH:2
FNDA:3,(anonymous_0)
FNDA:1,(anonymous_1)
DA:8,11
DA:13,11
DA:18,3
DA:21,1
LF:4
LH:4
BRF:0
BRH:0
end_of_record
TN:
SF:src\store\rootActions.ts
FNF:0
FNH:0
DA:4,4
LF:1
LH:1
BRF:0
BRH:0
end_of_record
TN:
SF:src\store\store.ts
FN:37,(anonymous_0)
FN:49,setupStore
FN:52,(anonymous_2)
FNF:3
FNH:3
FNDA:11,(anonymous_0)
FNDA:27,setupStore
FNDA:27,(anonymous_2)
DA:17,11
DA:23,11
DA:25,11
DA:31,11
DA:38,11
DA:44,11
DA:50,27
DA:53,27
LF:8
LH:8
BRF:0
BRH:0
end_of_record
TN:
SF:src\store\themeSlice.ts
FN:20,(anonymous_0)
FNF:1
FNH:1
FNDA:2,(anonymous_0)
DA:12,11
DA:16,11
DA:21,2
LF:3
LH:3
BRF:0
BRH:0
end_of_record
TN:
SF:src\utils\interfaces.ts
FNF:0
FNH:0
LF:0
LH:0
BRF:0
BRH:0
end_of_record
TN:
SF:src\utils\mockValues.ts
FNF:0
FNH:0
DA:1,2
LF:1
LH:1
BRF:0
BRH:0
end_of_record
TN:
SF:src\utils\testWrapper.tsx
FN:13,renderWithProviders
FN:23,Wrapper
FNF:2
FNH:2
FNDA:27,renderWithProviders
FNDA:27,Wrapper
DA:24,27
DA:30,27
LF:2
LH:2
BRDA:15,0,0,27
BRDA:16,1,0,27
BRDA:19,2,0,27
BRF:3
BRH:3
end_of_record
